--------------- Rebuild Started: 02/21/2018 21:29:47 Project: rhino, Configuration: ARM GCC 5.4-2016-q2-update Debug ---------------
Deleting file ".\CortexM0p\ARM_GCC_541\Debug\startup_psoc63_cm0plus.o"
Deleting file ".\CortexM0p\ARM_GCC_541\Debug\main_cm0p.o"
Deleting file ".\CortexM0p\ARM_GCC_541\Debug\system_psoc63_cm0plus.o"
Deleting file ".\CortexM0p\ARM_GCC_541\Debug\cy_ipc_config.o"
Deleting file ".\CortexM0p\ARM_GCC_541\Debug\cyfitter_sysint_cfg.o"
Deleting file ".\CortexM0p\ARM_GCC_541\Debug\cyfitter_cfg.o"
Deleting file ".\CortexM0p\ARM_GCC_541\Debug\cymetadata.o"
Deleting file ".\CortexM0p\ARM_GCC_541\Debug\cy_sysint.o"
Deleting file ".\CortexM0p\ARM_GCC_541\Debug\cy_ipc_drv.o"
Deleting file ".\CortexM0p\ARM_GCC_541\Debug\cy_ipc_sema.o"
Deleting file ".\CortexM0p\ARM_GCC_541\Debug\cy_ipc_pipe.o"
Deleting file ".\CortexM0p\ARM_GCC_541\Debug\cy_sysclk.o"
Deleting file ".\CortexM0p\ARM_GCC_541\Debug\cy_wdt.o"
Deleting file ".\CortexM0p\ARM_GCC_541\Debug\cy_efuse.o"
Deleting file ".\CortexM0p\ARM_GCC_541\Debug\cy_flash.o"
Deleting file ".\CortexM0p\ARM_GCC_541\Debug\cy_gpio.o"
Deleting file ".\CortexM0p\ARM_GCC_541\Debug\cy_sysanalog.o"
Deleting file ".\CortexM0p\ARM_GCC_541\Debug\cy_syspm.o"
Deleting file ".\CortexM0p\ARM_GCC_541\Debug\cy_syslib.o"
Deleting file ".\CortexM0p\ARM_GCC_541\Debug\cy_syslib_gcc.o"
Deleting file ".\CortexM0p\ARM_GCC_541\Debug\cy_trigmux.o"
Deleting file ".\CortexM0p\ARM_GCC_541\Debug\cy_systick.o"
Deleting file ".\CortexM0p\ARM_GCC_541\Debug\cy_profile.o"
Deleting file ".\CortexM0p\ARM_GCC_541\Debug\cy_prot.o"
Deleting file ".\CortexM0p\ARM_GCC_541\Debug\cy_lvd.o"
Deleting file ".\CortexM0p\ARM_GCC_541\Debug\cy_scb_common.o"
Deleting file ".\CortexM0p\ARM_GCC_541\Debug\cy_scb_i2c.o"
Deleting file ".\CortexM0p\ARM_GCC_541\Debug\cy_scb_ezi2c.o"
Deleting file ".\CortexM0p\ARM_GCC_541\Debug\cy_scb_spi.o"
Deleting file ".\CortexM0p\ARM_GCC_541\Debug\cy_scb_uart.o"
Deleting file ".\CortexM0p\ARM_GCC_541\Debug\cy_ble_clk.o"
Deleting file ".\CortexM0p\ARM_GCC_541\Debug\UART5.o"
Deleting file ".\CortexM0p\ARM_GCC_541\Debug\UART1.o"
Deleting file ".\CortexM0p\ARM_GCC_541\Debug\rhino.hex"
Deleting file ".\CortexM0p\ARM_GCC_541\Debug\rhino.elf"
Deleting file ".\CortexM0p\ARM_GCC_541\Debug\rhino.map"
Deleting file ".\rhino.cycdx"
Deleting file ".\rhino.rpt"
Deleting file ".\rhino_timing.html"
Deleting file ".\CortexM0p\ARM_GCC_541\Debug\.deps\SOURCE_C__ARM_GCC_GENERIC.P"
Deleting file ".\CortexM4\ARM_GCC_541\Debug\k_time.o"
Deleting file ".\CortexM4\ARM_GCC_541\Debug\k_timer.o"
Deleting file ".\CortexM4\ARM_GCC_541\Debug\k_workqueue.o"
Deleting file ".\CortexM4\ARM_GCC_541\Debug\k_buf_queue.o"
Deleting file ".\CortexM4\ARM_GCC_541\Debug\k_dyn_mem_proc.o"
Deleting file ".\CortexM4\ARM_GCC_541\Debug\k_err.o"
Deleting file ".\CortexM4\ARM_GCC_541\Debug\k_event.o"
Deleting file ".\CortexM4\ARM_GCC_541\Debug\k_idle.o"
Deleting file ".\CortexM4\ARM_GCC_541\Debug\k_mm.o"
Deleting file ".\CortexM4\ARM_GCC_541\Debug\k_mm_blk.o"
Deleting file ".\CortexM4\ARM_GCC_541\Debug\k_mm_debug.o"
Deleting file ".\CortexM4\ARM_GCC_541\Debug\k_mutex.o"
Deleting file ".\CortexM4\ARM_GCC_541\Debug\k_obj.o"
Deleting file ".\CortexM4\ARM_GCC_541\Debug\k_obj_set.o"
Deleting file ".\CortexM4\ARM_GCC_541\Debug\k_pend.o"
Deleting file ".\CortexM4\ARM_GCC_541\Debug\k_queue.o"
Deleting file ".\CortexM4\ARM_GCC_541\Debug\k_ringbuf.o"
Deleting file ".\CortexM4\ARM_GCC_541\Debug\k_sched.o"
Deleting file ".\CortexM4\ARM_GCC_541\Debug\k_sem.o"
Deleting file ".\CortexM4\ARM_GCC_541\Debug\k_stats.o"
Deleting file ".\CortexM4\ARM_GCC_541\Debug\k_sys.o"
Deleting file ".\CortexM4\ARM_GCC_541\Debug\k_task.o"
Deleting file ".\CortexM4\ARM_GCC_541\Debug\k_task_sem.o"
Deleting file ".\CortexM4\ARM_GCC_541\Debug\k_tick.o"
Deleting file ".\CortexM4\ARM_GCC_541\Debug\startup_psoc63_cm4.o"
Deleting file ".\CortexM4\ARM_GCC_541\Debug\port_c.o"
Deleting file ".\CortexM4\ARM_GCC_541\Debug\trace_impl.o"
Deleting file ".\CortexM4\ARM_GCC_541\Debug\soc_impl.o"
Deleting file ".\CortexM4\ARM_GCC_541\Debug\uart_port.o"
cydsfit.exe -.appdatapath "C:\Users\whao\AppData\Local\Cypress Semiconductor\PSoC Creator\4.2" -.fdsnotice -.fdswarpdepfile=warp_dependencies.txt -.fdselabdepfile=elab_dependencies.txt -.fdsbldfile=generated_files.txt -.fdsreffile=referenced_files.txt -p "C:\Users\whao\Documents\PSoC Creator\4.2\alios\rhino.cydsn\rhino.cyprj" -d CY8C6347BZI-BLD53 -s "C:\Users\whao\Documents\PSoC Creator\4.2\alios\rhino.cydsn\Generated_Source\PSoC6" -- -yv2 -q10 -ygs -o2 -v3 -.fftcfgtype=LE
Elaborating Design...
HDL Generation...
Synthesis...
Tech Mapping...
Info: plm.M0038: The pin named CY_CPUSS_SWJ_SWCLK_TCLK(0) at location P6[7] prevents usage of special purposes: SCB[6].uart_cts. (App=cydsfit)
Info: plm.M0038: The pin named CY_CPUSS_SWJ_SWCLK_TCLK(0) at location P6[7] prevents usage of special purposes: SCB[6].spi_select[0]. (App=cydsfit)
Info: plm.M0038: The pin named CY_CPUSS_SWJ_SWCLK_TCLK(0) at location P6[7] prevents usage of special purposes: SCB[8].spi_select[0]. (App=cydsfit)
Info: plm.M0038: The pin named CY_CPUSS_SWJ_SWDIO_TMS(0) at location P6[6] prevents usage of special purposes: SCB[6].uart_rts. (App=cydsfit)
Info: plm.M0038: The pin named CY_CPUSS_SWJ_SWDIO_TMS(0) at location P6[6] prevents usage of special purposes: SCB[6].spi_clk. (App=cydsfit)
Info: plm.M0038: The pin named CY_CPUSS_SWJ_SWDIO_TMS(0) at location P6[6] prevents usage of special purposes: SCB[8].spi_clk. (App=cydsfit)
Analog Placement...
Analog Routing...
Analog Code Generation...
Digital Placement...
Digital Routing...
Bitstream Generation...
Bitstream Verification...
Static timing analysis...
API Generation...
Dependency Generation...
Cleanup...
arm-none-eabi-gcc.exe -mcpu=cortex-m0plus -mthumb -I. -IGenerated_Source\PSoC6 -IGenerated_Source\PSoC6\pdl\cmsis/include/ -IGenerated_Source\PSoC6\pdl\devices/psoc6/ip/ -IGenerated_Source\PSoC6\pdl\devices/psoc6/psoc63/include/ -IGenerated_Source\PSoC6\pdl\drivers/peripheral/ -IGenerated_Source\PSoC6\pdl\middleware/ -Wa,-alh=.\CortexM0p\ARM_GCC_541\Debug/startup_psoc63_cm0plus.lst -g -D DEBUG -D CY_CORE_ID=0 -D CY_PSOC_CREATOR_USED=1 -D CY8C6347BZI_BLD53 -Wall -ffunction-sections -ffat-lto-objects -Og -c armgcc\startup\startup_psoc63_cm0plus.S -o .\CortexM0p\ARM_GCC_541\Debug\startup_psoc63_cm0plus.o
arm-none-eabi-gcc.exe -mcpu=cortex-m0plus -mthumb -I. -IGenerated_Source\PSoC6 -IGenerated_Source\PSoC6\pdl\cmsis/include/ -IGenerated_Source\PSoC6\pdl\devices/psoc6/ip/ -IGenerated_Source\PSoC6\pdl\devices/psoc6/psoc63/include/ -IGenerated_Source\PSoC6\pdl\drivers/peripheral/ -IGenerated_Source\PSoC6\pdl\middleware/ -Wa,-alh=.\CortexM0p\ARM_GCC_541\Debug/main_cm0p.lst -g -D DEBUG -D CY_CORE_ID=0 -D CY_PSOC_CREATOR_USED=1 -D CY8C6347BZI_BLD53 -Wall -ffunction-sections -ffat-lto-objects -Og -c main_cm0p.c -o .\CortexM0p\ARM_GCC_541\Debug\main_cm0p.o
arm-none-eabi-gcc.exe -mcpu=cortex-m0plus -mthumb -I. -IGenerated_Source\PSoC6 -IGenerated_Source\PSoC6\pdl\cmsis/include/ -IGenerated_Source\PSoC6\pdl\devices/psoc6/ip/ -IGenerated_Source\PSoC6\pdl\devices/psoc6/psoc63/include/ -IGenerated_Source\PSoC6\pdl\drivers/peripheral/ -IGenerated_Source\PSoC6\pdl\middleware/ -Wa,-alh=.\CortexM0p\ARM_GCC_541\Debug/system_psoc63_cm0plus.lst -g -D DEBUG -D CY_CORE_ID=0 -D CY_PSOC_CREATOR_USED=1 -D CY8C6347BZI_BLD53 -Wall -ffunction-sections -ffat-lto-objects -Og -c system_psoc63_cm0plus.c -o .\CortexM0p\ARM_GCC_541\Debug\system_psoc63_cm0plus.o
arm-none-eabi-gcc.exe -mcpu=cortex-m0plus -mthumb -I. -IGenerated_Source\PSoC6 -IGenerated_Source\PSoC6\pdl\cmsis/include/ -IGenerated_Source\PSoC6\pdl\devices/psoc6/ip/ -IGenerated_Source\PSoC6\pdl\devices/psoc6/psoc63/include/ -IGenerated_Source\PSoC6\pdl\drivers/peripheral/ -IGenerated_Source\PSoC6\pdl\middleware/ -Wa,-alh=.\CortexM0p\ARM_GCC_541\Debug/cy_ipc_config.lst -g -D DEBUG -D CY_CORE_ID=0 -D CY_PSOC_CREATOR_USED=1 -D CY8C6347BZI_BLD53 -Wall -ffunction-sections -ffat-lto-objects -Og -c cy_ipc_config.c -o .\CortexM0p\ARM_GCC_541\Debug\cy_ipc_config.o
arm-none-eabi-gcc.exe -mcpu=cortex-m0plus -mthumb -I. -IGenerated_Source\PSoC6 -IGenerated_Source\PSoC6\pdl\cmsis/include/ -IGenerated_Source\PSoC6\pdl\devices/psoc6/ip/ -IGenerated_Source\PSoC6\pdl\devices/psoc6/psoc63/include/ -IGenerated_Source\PSoC6\pdl\drivers/peripheral/ -IGenerated_Source\PSoC6\pdl\middleware/ -Wa,-alh=.\CortexM0p\ARM_GCC_541\Debug/cyfitter_sysint_cfg.lst -g -D DEBUG -D CY_CORE_ID=0 -D CY_PSOC_CREATOR_USED=1 -D CY8C6347BZI_BLD53 -Wall -ffunction-sections -ffat-lto-objects -Og -c Generated_Source\PSoC6\cyfitter_sysint_cfg.c -o .\CortexM0p\ARM_GCC_541\Debug\cyfitter_sysint_cfg.o
arm-none-eabi-gcc.exe -mcpu=cortex-m0plus -mthumb -I. -IGenerated_Source\PSoC6 -IGenerated_Source\PSoC6\pdl\cmsis/include/ -IGenerated_Source\PSoC6\pdl\devices/psoc6/ip/ -IGenerated_Source\PSoC6\pdl\devices/psoc6/psoc63/include/ -IGenerated_Source\PSoC6\pdl\drivers/peripheral/ -IGenerated_Source\PSoC6\pdl\middleware/ -Wa,-alh=.\CortexM0p\ARM_GCC_541\Debug/cyfitter_cfg.lst -g -D DEBUG -D CY_CORE_ID=0 -D CY_PSOC_CREATOR_USED=1 -D CY8C6347BZI_BLD53 -Wall -ffunction-sections -ffat-lto-objects -Og -c Generated_Source\PSoC6\cyfitter_cfg.c -o .\CortexM0p\ARM_GCC_541\Debug\cyfitter_cfg.o
arm-none-eabi-gcc.exe -mcpu=cortex-m0plus -mthumb -I. -IGenerated_Source\PSoC6 -IGenerated_Source\PSoC6\pdl\cmsis/include/ -IGenerated_Source\PSoC6\pdl\devices/psoc6/ip/ -IGenerated_Source\PSoC6\pdl\devices/psoc6/psoc63/include/ -IGenerated_Source\PSoC6\pdl\drivers/peripheral/ -IGenerated_Source\PSoC6\pdl\middleware/ -Wa,-alh=.\CortexM0p\ARM_GCC_541\Debug/cymetadata.lst -g -D DEBUG -D CY_CORE_ID=0 -D CY_PSOC_CREATOR_USED=1 -D CY8C6347BZI_BLD53 -Wall -ffunction-sections -ffat-lto-objects -Og -c Generated_Source\PSoC6\cymetadata.c -o .\CortexM0p\ARM_GCC_541\Debug\cymetadata.o
arm-none-eabi-gcc.exe -mcpu=cortex-m0plus -mthumb -I. -IGenerated_Source\PSoC6 -IGenerated_Source\PSoC6\pdl\cmsis/include/ -IGenerated_Source\PSoC6\pdl\devices/psoc6/ip/ -IGenerated_Source\PSoC6\pdl\devices/psoc6/psoc63/include/ -IGenerated_Source\PSoC6\pdl\drivers/peripheral/ -IGenerated_Source\PSoC6\pdl\middleware/ -Wa,-alh=.\CortexM0p\ARM_GCC_541\Debug/cy_sysint.lst -g -D DEBUG -D CY_CORE_ID=0 -D CY_PSOC_CREATOR_USED=1 -D CY8C6347BZI_BLD53 -Wall -ffunction-sections -ffat-lto-objects -Og -c Generated_Source\PSoC6\pdl\drivers\peripheral\sysint\cy_sysint.c -o .\CortexM0p\ARM_GCC_541\Debug\cy_sysint.o
arm-none-eabi-gcc.exe -mcpu=cortex-m0plus -mthumb -I. -IGenerated_Source\PSoC6 -IGenerated_Source\PSoC6\pdl\cmsis/include/ -IGenerated_Source\PSoC6\pdl\devices/psoc6/ip/ -IGenerated_Source\PSoC6\pdl\devices/psoc6/psoc63/include/ -IGenerated_Source\PSoC6\pdl\drivers/peripheral/ -IGenerated_Source\PSoC6\pdl\middleware/ -Wa,-alh=.\CortexM0p\ARM_GCC_541\Debug/cy_ipc_drv.lst -g -D DEBUG -D CY_CORE_ID=0 -D CY_PSOC_CREATOR_USED=1 -D CY8C6347BZI_BLD53 -Wall -ffunction-sections -ffat-lto-objects -Og -c Generated_Source\PSoC6\pdl\drivers\peripheral\ipc\cy_ipc_drv.c -o .\CortexM0p\ARM_GCC_541\Debug\cy_ipc_drv.o
arm-none-eabi-gcc.exe -mcpu=cortex-m0plus -mthumb -I. -IGenerated_Source\PSoC6 -IGenerated_Source\PSoC6\pdl\cmsis/include/ -IGenerated_Source\PSoC6\pdl\devices/psoc6/ip/ -IGenerated_Source\PSoC6\pdl\devices/psoc6/psoc63/include/ -IGenerated_Source\PSoC6\pdl\drivers/peripheral/ -IGenerated_Source\PSoC6\pdl\middleware/ -Wa,-alh=.\CortexM0p\ARM_GCC_541\Debug/cy_ipc_sema.lst -g -D DEBUG -D CY_CORE_ID=0 -D CY_PSOC_CREATOR_USED=1 -D CY8C6347BZI_BLD53 -Wall -ffunction-sections -ffat-lto-objects -Og -c Generated_Source\PSoC6\pdl\drivers\peripheral\ipc\cy_ipc_sema.c -o .\CortexM0p\ARM_GCC_541\Debug\cy_ipc_sema.o
arm-none-eabi-gcc.exe -mcpu=cortex-m0plus -mthumb -I. -IGenerated_Source\PSoC6 -IGenerated_Source\PSoC6\pdl\cmsis/include/ -IGenerated_Source\PSoC6\pdl\devices/psoc6/ip/ -IGenerated_Source\PSoC6\pdl\devices/psoc6/psoc63/include/ -IGenerated_Source\PSoC6\pdl\drivers/peripheral/ -IGenerated_Source\PSoC6\pdl\middleware/ -Wa,-alh=.\CortexM0p\ARM_GCC_541\Debug/cy_ipc_pipe.lst -g -D DEBUG -D CY_CORE_ID=0 -D CY_PSOC_CREATOR_USED=1 -D CY8C6347BZI_BLD53 -Wall -ffunction-sections -ffat-lto-objects -Og -c Generated_Source\PSoC6\pdl\drivers\peripheral\ipc\cy_ipc_pipe.c -o .\CortexM0p\ARM_GCC_541\Debug\cy_ipc_pipe.o
arm-none-eabi-gcc.exe -mcpu=cortex-m0plus -mthumb -I. -IGenerated_Source\PSoC6 -IGenerated_Source\PSoC6\pdl\cmsis/include/ -IGenerated_Source\PSoC6\pdl\devices/psoc6/ip/ -IGenerated_Source\PSoC6\pdl\devices/psoc6/psoc63/include/ -IGenerated_Source\PSoC6\pdl\drivers/peripheral/ -IGenerated_Source\PSoC6\pdl\middleware/ -Wa,-alh=.\CortexM0p\ARM_GCC_541\Debug/cy_sysclk.lst -g -D DEBUG -D CY_CORE_ID=0 -D CY_PSOC_CREATOR_USED=1 -D CY8C6347BZI_BLD53 -Wall -ffunction-sections -ffat-lto-objects -Og -c Generated_Source\PSoC6\pdl\drivers\peripheral\sysclk\cy_sysclk.c -o .\CortexM0p\ARM_GCC_541\Debug\cy_sysclk.o
arm-none-eabi-gcc.exe -mcpu=cortex-m0plus -mthumb -I. -IGenerated_Source\PSoC6 -IGenerated_Source\PSoC6\pdl\cmsis/include/ -IGenerated_Source\PSoC6\pdl\devices/psoc6/ip/ -IGenerated_Source\PSoC6\pdl\devices/psoc6/psoc63/include/ -IGenerated_Source\PSoC6\pdl\drivers/peripheral/ -IGenerated_Source\PSoC6\pdl\middleware/ -Wa,-alh=.\CortexM0p\ARM_GCC_541\Debug/cy_wdt.lst -g -D DEBUG -D CY_CORE_ID=0 -D CY_PSOC_CREATOR_USED=1 -D CY8C6347BZI_BLD53 -Wall -ffunction-sections -ffat-lto-objects -Og -c Generated_Source\PSoC6\pdl\drivers\peripheral\wdt\cy_wdt.c -o .\CortexM0p\ARM_GCC_541\Debug\cy_wdt.o
arm-none-eabi-gcc.exe -mcpu=cortex-m0plus -mthumb -I. -IGenerated_Source\PSoC6 -IGenerated_Source\PSoC6\pdl\cmsis/include/ -IGenerated_Source\PSoC6\pdl\devices/psoc6/ip/ -IGenerated_Source\PSoC6\pdl\devices/psoc6/psoc63/include/ -IGenerated_Source\PSoC6\pdl\drivers/peripheral/ -IGenerated_Source\PSoC6\pdl\middleware/ -Wa,-alh=.\CortexM0p\ARM_GCC_541\Debug/cy_efuse.lst -g -D DEBUG -D CY_CORE_ID=0 -D CY_PSOC_CREATOR_USED=1 -D CY8C6347BZI_BLD53 -Wall -ffunction-sections -ffat-lto-objects -Og -c Generated_Source\PSoC6\pdl\drivers\peripheral\efuse\cy_efuse.c -o .\CortexM0p\ARM_GCC_541\Debug\cy_efuse.o
arm-none-eabi-gcc.exe -mcpu=cortex-m0plus -mthumb -I. -IGenerated_Source\PSoC6 -IGenerated_Source\PSoC6\pdl\cmsis/include/ -IGenerated_Source\PSoC6\pdl\devices/psoc6/ip/ -IGenerated_Source\PSoC6\pdl\devices/psoc6/psoc63/include/ -IGenerated_Source\PSoC6\pdl\drivers/peripheral/ -IGenerated_Source\PSoC6\pdl\middleware/ -Wa,-alh=.\CortexM0p\ARM_GCC_541\Debug/cy_flash.lst -g -D DEBUG -D CY_CORE_ID=0 -D CY_PSOC_CREATOR_USED=1 -D CY8C6347BZI_BLD53 -Wall -ffunction-sections -ffat-lto-objects -Og -c Generated_Source\PSoC6\pdl\drivers\peripheral\flash\cy_flash.c -o .\CortexM0p\ARM_GCC_541\Debug\cy_flash.o
arm-none-eabi-gcc.exe -mcpu=cortex-m0plus -mthumb -I. -IGenerated_Source\PSoC6 -IGenerated_Source\PSoC6\pdl\cmsis/include/ -IGenerated_Source\PSoC6\pdl\devices/psoc6/ip/ -IGenerated_Source\PSoC6\pdl\devices/psoc6/psoc63/include/ -IGenerated_Source\PSoC6\pdl\drivers/peripheral/ -IGenerated_Source\PSoC6\pdl\middleware/ -Wa,-alh=.\CortexM0p\ARM_GCC_541\Debug/cy_gpio.lst -g -D DEBUG -D CY_CORE_ID=0 -D CY_PSOC_CREATOR_USED=1 -D CY8C6347BZI_BLD53 -Wall -ffunction-sections -ffat-lto-objects -Og -c Generated_Source\PSoC6\pdl\drivers\peripheral\gpio\cy_gpio.c -o .\CortexM0p\ARM_GCC_541\Debug\cy_gpio.o
arm-none-eabi-gcc.exe -mcpu=cortex-m0plus -mthumb -I. -IGenerated_Source\PSoC6 -IGenerated_Source\PSoC6\pdl\cmsis/include/ -IGenerated_Source\PSoC6\pdl\devices/psoc6/ip/ -IGenerated_Source\PSoC6\pdl\devices/psoc6/psoc63/include/ -IGenerated_Source\PSoC6\pdl\drivers/peripheral/ -IGenerated_Source\PSoC6\pdl\middleware/ -Wa,-alh=.\CortexM0p\ARM_GCC_541\Debug/cy_sysanalog.lst -g -D DEBUG -D CY_CORE_ID=0 -D CY_PSOC_CREATOR_USED=1 -D CY8C6347BZI_BLD53 -Wall -ffunction-sections -ffat-lto-objects -Og -c Generated_Source\PSoC6\pdl\drivers\peripheral\sysanalog\cy_sysanalog.c -o .\CortexM0p\ARM_GCC_541\Debug\cy_sysanalog.o
arm-none-eabi-gcc.exe -mcpu=cortex-m0plus -mthumb -I. -IGenerated_Source\PSoC6 -IGenerated_Source\PSoC6\pdl\cmsis/include/ -IGenerated_Source\PSoC6\pdl\devices/psoc6/ip/ -IGenerated_Source\PSoC6\pdl\devices/psoc6/psoc63/include/ -IGenerated_Source\PSoC6\pdl\drivers/peripheral/ -IGenerated_Source\PSoC6\pdl\middleware/ -Wa,-alh=.\CortexM0p\ARM_GCC_541\Debug/cy_syspm.lst -g -D DEBUG -D CY_CORE_ID=0 -D CY_PSOC_CREATOR_USED=1 -D CY8C6347BZI_BLD53 -Wall -ffunction-sections -ffat-lto-objects -Og -c Generated_Source\PSoC6\pdl\drivers\peripheral\syspm\cy_syspm.c -o .\CortexM0p\ARM_GCC_541\Debug\cy_syspm.o
arm-none-eabi-gcc.exe -mcpu=cortex-m0plus -mthumb -I. -IGenerated_Source\PSoC6 -IGenerated_Source\PSoC6\pdl\cmsis/include/ -IGenerated_Source\PSoC6\pdl\devices/psoc6/ip/ -IGenerated_Source\PSoC6\pdl\devices/psoc6/psoc63/include/ -IGenerated_Source\PSoC6\pdl\drivers/peripheral/ -IGenerated_Source\PSoC6\pdl\middleware/ -Wa,-alh=.\CortexM0p\ARM_GCC_541\Debug/cy_syslib.lst -g -D DEBUG -D CY_CORE_ID=0 -D CY_PSOC_CREATOR_USED=1 -D CY8C6347BZI_BLD53 -Wall -ffunction-sections -ffat-lto-objects -Og -c Generated_Source\PSoC6\pdl\drivers\peripheral\syslib\cy_syslib.c -o .\CortexM0p\ARM_GCC_541\Debug\cy_syslib.o
arm-none-eabi-gcc.exe -mcpu=cortex-m0plus -mthumb -I. -IGenerated_Source\PSoC6 -IGenerated_Source\PSoC6\pdl\cmsis/include/ -IGenerated_Source\PSoC6\pdl\devices/psoc6/ip/ -IGenerated_Source\PSoC6\pdl\devices/psoc6/psoc63/include/ -IGenerated_Source\PSoC6\pdl\drivers/peripheral/ -IGenerated_Source\PSoC6\pdl\middleware/ -Wa,-alh=.\CortexM0p\ARM_GCC_541\Debug/cy_syslib_gcc.lst -g -D DEBUG -D CY_CORE_ID=0 -D CY_PSOC_CREATOR_USED=1 -D CY8C6347BZI_BLD53 -Wall -ffunction-sections -ffat-lto-objects -Og -c Generated_Source\PSoC6\pdl\drivers\peripheral\syslib\gcc\cy_syslib_gcc.S -o .\CortexM0p\ARM_GCC_541\Debug\cy_syslib_gcc.o
arm-none-eabi-gcc.exe -mcpu=cortex-m0plus -mthumb -I. -IGenerated_Source\PSoC6 -IGenerated_Source\PSoC6\pdl\cmsis/include/ -IGenerated_Source\PSoC6\pdl\devices/psoc6/ip/ -IGenerated_Source\PSoC6\pdl\devices/psoc6/psoc63/include/ -IGenerated_Source\PSoC6\pdl\drivers/peripheral/ -IGenerated_Source\PSoC6\pdl\middleware/ -Wa,-alh=.\CortexM0p\ARM_GCC_541\Debug/cy_trigmux.lst -g -D DEBUG -D CY_CORE_ID=0 -D CY_PSOC_CREATOR_USED=1 -D CY8C6347BZI_BLD53 -Wall -ffunction-sections -ffat-lto-objects -Og -c Generated_Source\PSoC6\pdl\drivers\peripheral\trigmux\cy_trigmux.c -o .\CortexM0p\ARM_GCC_541\Debug\cy_trigmux.o
arm-none-eabi-gcc.exe -mcpu=cortex-m0plus -mthumb -I. -IGenerated_Source\PSoC6 -IGenerated_Source\PSoC6\pdl\cmsis/include/ -IGenerated_Source\PSoC6\pdl\devices/psoc6/ip/ -IGenerated_Source\PSoC6\pdl\devices/psoc6/psoc63/include/ -IGenerated_Source\PSoC6\pdl\drivers/peripheral/ -IGenerated_Source\PSoC6\pdl\middleware/ -Wa,-alh=.\CortexM0p\ARM_GCC_541\Debug/cy_systick.lst -g -D DEBUG -D CY_CORE_ID=0 -D CY_PSOC_CREATOR_USED=1 -D CY8C6347BZI_BLD53 -Wall -ffunction-sections -ffat-lto-objects -Og -c Generated_Source\PSoC6\pdl\drivers\peripheral\systick\cy_systick.c -o .\CortexM0p\ARM_GCC_541\Debug\cy_systick.o
arm-none-eabi-gcc.exe -mcpu=cortex-m0plus -mthumb -I. -IGenerated_Source\PSoC6 -IGenerated_Source\PSoC6\pdl\cmsis/include/ -IGenerated_Source\PSoC6\pdl\devices/psoc6/ip/ -IGenerated_Source\PSoC6\pdl\devices/psoc6/psoc63/include/ -IGenerated_Source\PSoC6\pdl\drivers/peripheral/ -IGenerated_Source\PSoC6\pdl\middleware/ -Wa,-alh=.\CortexM0p\ARM_GCC_541\Debug/cy_profile.lst -g -D DEBUG -D CY_CORE_ID=0 -D CY_PSOC_CREATOR_USED=1 -D CY8C6347BZI_BLD53 -Wall -ffunction-sections -ffat-lto-objects -Og -c Generated_Source\PSoC6\pdl\drivers\peripheral\profile\cy_profile.c -o .\CortexM0p\ARM_GCC_541\Debug\cy_profile.o
arm-none-eabi-gcc.exe -mcpu=cortex-m0plus -mthumb -I. -IGenerated_Source\PSoC6 -IGenerated_Source\PSoC6\pdl\cmsis/include/ -IGenerated_Source\PSoC6\pdl\devices/psoc6/ip/ -IGenerated_Source\PSoC6\pdl\devices/psoc6/psoc63/include/ -IGenerated_Source\PSoC6\pdl\drivers/peripheral/ -IGenerated_Source\PSoC6\pdl\middleware/ -Wa,-alh=.\CortexM0p\ARM_GCC_541\Debug/cy_prot.lst -g -D DEBUG -D CY_CORE_ID=0 -D CY_PSOC_CREATOR_USED=1 -D CY8C6347BZI_BLD53 -Wall -ffunction-sections -ffat-lto-objects -Og -c Generated_Source\PSoC6\pdl\drivers\peripheral\prot\cy_prot.c -o .\CortexM0p\ARM_GCC_541\Debug\cy_prot.o
arm-none-eabi-gcc.exe -mcpu=cortex-m0plus -mthumb -I. -IGenerated_Source\PSoC6 -IGenerated_Source\PSoC6\pdl\cmsis/include/ -IGenerated_Source\PSoC6\pdl\devices/psoc6/ip/ -IGenerated_Source\PSoC6\pdl\devices/psoc6/psoc63/include/ -IGenerated_Source\PSoC6\pdl\drivers/peripheral/ -IGenerated_Source\PSoC6\pdl\middleware/ -Wa,-alh=.\CortexM0p\ARM_GCC_541\Debug/cy_lvd.lst -g -D DEBUG -D CY_CORE_ID=0 -D CY_PSOC_CREATOR_USED=1 -D CY8C6347BZI_BLD53 -Wall -ffunction-sections -ffat-lto-objects -Og -c Generated_Source\PSoC6\pdl\drivers\peripheral\lvd\cy_lvd.c -o .\CortexM0p\ARM_GCC_541\Debug\cy_lvd.o
arm-none-eabi-gcc.exe -mcpu=cortex-m0plus -mthumb -I. -IGenerated_Source\PSoC6 -IGenerated_Source\PSoC6\pdl\cmsis/include/ -IGenerated_Source\PSoC6\pdl\devices/psoc6/ip/ -IGenerated_Source\PSoC6\pdl\devices/psoc6/psoc63/include/ -IGenerated_Source\PSoC6\pdl\drivers/peripheral/ -IGenerated_Source\PSoC6\pdl\middleware/ -Wa,-alh=.\CortexM0p\ARM_GCC_541\Debug/cy_scb_common.lst -g -D DEBUG -D CY_CORE_ID=0 -D CY_PSOC_CREATOR_USED=1 -D CY8C6347BZI_BLD53 -Wall -ffunction-sections -ffat-lto-objects -Og -c Generated_Source\PSoC6\pdl\drivers\peripheral\scb\cy_scb_common.c -o .\CortexM0p\ARM_GCC_541\Debug\cy_scb_common.o
arm-none-eabi-gcc.exe -mcpu=cortex-m0plus -mthumb -I. -IGenerated_Source\PSoC6 -IGenerated_Source\PSoC6\pdl\cmsis/include/ -IGenerated_Source\PSoC6\pdl\devices/psoc6/ip/ -IGenerated_Source\PSoC6\pdl\devices/psoc6/psoc63/include/ -IGenerated_Source\PSoC6\pdl\drivers/peripheral/ -IGenerated_Source\PSoC6\pdl\middleware/ -Wa,-alh=.\CortexM0p\ARM_GCC_541\Debug/cy_scb_i2c.lst -g -D DEBUG -D CY_CORE_ID=0 -D CY_PSOC_CREATOR_USED=1 -D CY8C6347BZI_BLD53 -Wall -ffunction-sections -ffat-lto-objects -Og -c Generated_Source\PSoC6\pdl\drivers\peripheral\scb\cy_scb_i2c.c -o .\CortexM0p\ARM_GCC_541\Debug\cy_scb_i2c.o
arm-none-eabi-gcc.exe -mcpu=cortex-m0plus -mthumb -I. -IGenerated_Source\PSoC6 -IGenerated_Source\PSoC6\pdl\cmsis/include/ -IGenerated_Source\PSoC6\pdl\devices/psoc6/ip/ -IGenerated_Source\PSoC6\pdl\devices/psoc6/psoc63/include/ -IGenerated_Source\PSoC6\pdl\drivers/peripheral/ -IGenerated_Source\PSoC6\pdl\middleware/ -Wa,-alh=.\CortexM0p\ARM_GCC_541\Debug/cy_scb_ezi2c.lst -g -D DEBUG -D CY_CORE_ID=0 -D CY_PSOC_CREATOR_USED=1 -D CY8C6347BZI_BLD53 -Wall -ffunction-sections -ffat-lto-objects -Og -c Generated_Source\PSoC6\pdl\drivers\peripheral\scb\cy_scb_ezi2c.c -o .\CortexM0p\ARM_GCC_541\Debug\cy_scb_ezi2c.o
arm-none-eabi-gcc.exe -mcpu=cortex-m0plus -mthumb -I. -IGenerated_Source\PSoC6 -IGenerated_Source\PSoC6\pdl\cmsis/include/ -IGenerated_Source\PSoC6\pdl\devices/psoc6/ip/ -IGenerated_Source\PSoC6\pdl\devices/psoc6/psoc63/include/ -IGenerated_Source\PSoC6\pdl\drivers/peripheral/ -IGenerated_Source\PSoC6\pdl\middleware/ -Wa,-alh=.\CortexM0p\ARM_GCC_541\Debug/cy_scb_spi.lst -g -D DEBUG -D CY_CORE_ID=0 -D CY_PSOC_CREATOR_USED=1 -D CY8C6347BZI_BLD53 -Wall -ffunction-sections -ffat-lto-objects -Og -c Generated_Source\PSoC6\pdl\drivers\peripheral\scb\cy_scb_spi.c -o .\CortexM0p\ARM_GCC_541\Debug\cy_scb_spi.o
arm-none-eabi-gcc.exe -mcpu=cortex-m0plus -mthumb -I. -IGenerated_Source\PSoC6 -IGenerated_Source\PSoC6\pdl\cmsis/include/ -IGenerated_Source\PSoC6\pdl\devices/psoc6/ip/ -IGenerated_Source\PSoC6\pdl\devices/psoc6/psoc63/include/ -IGenerated_Source\PSoC6\pdl\drivers/peripheral/ -IGenerated_Source\PSoC6\pdl\middleware/ -Wa,-alh=.\CortexM0p\ARM_GCC_541\Debug/cy_scb_uart.lst -g -D DEBUG -D CY_CORE_ID=0 -D CY_PSOC_CREATOR_USED=1 -D CY8C6347BZI_BLD53 -Wall -ffunction-sections -ffat-lto-objects -Og -c Generated_Source\PSoC6\pdl\drivers\peripheral\scb\cy_scb_uart.c -o .\CortexM0p\ARM_GCC_541\Debug\cy_scb_uart.o
arm-none-eabi-gcc.exe -mcpu=cortex-m0plus -mthumb -I. -IGenerated_Source\PSoC6 -IGenerated_Source\PSoC6\pdl\cmsis/include/ -IGenerated_Source\PSoC6\pdl\devices/psoc6/ip/ -IGenerated_Source\PSoC6\pdl\devices/psoc6/psoc63/include/ -IGenerated_Source\PSoC6\pdl\drivers/peripheral/ -IGenerated_Source\PSoC6\pdl\middleware/ -Wa,-alh=.\CortexM0p\ARM_GCC_541\Debug/cy_ble_clk.lst -g -D DEBUG -D CY_CORE_ID=0 -D CY_PSOC_CREATOR_USED=1 -D CY8C6347BZI_BLD53 -Wall -ffunction-sections -ffat-lto-objects -Og -c Generated_Source\PSoC6\pdl\middleware\ble\cy_ble_clk.c -o .\CortexM0p\ARM_GCC_541\Debug\cy_ble_clk.o
arm-none-eabi-gcc.exe -mcpu=cortex-m0plus -mthumb -I. -IGenerated_Source\PSoC6 -IGenerated_Source\PSoC6\pdl\cmsis/include/ -IGenerated_Source\PSoC6\pdl\devices/psoc6/ip/ -IGenerated_Source\PSoC6\pdl\devices/psoc6/psoc63/include/ -IGenerated_Source\PSoC6\pdl\drivers/peripheral/ -IGenerated_Source\PSoC6\pdl\middleware/ -Wa,-alh=.\CortexM0p\ARM_GCC_541\Debug/UART5.lst -g -D DEBUG -D CY_CORE_ID=0 -D CY_PSOC_CREATOR_USED=1 -D CY8C6347BZI_BLD53 -Wall -ffunction-sections -ffat-lto-objects -Og -c Generated_Source\PSoC6\UART5.c -o .\CortexM0p\ARM_GCC_541\Debug\UART5.o
arm-none-eabi-gcc.exe -mcpu=cortex-m0plus -mthumb -I. -IGenerated_Source\PSoC6 -IGenerated_Source\PSoC6\pdl\cmsis/include/ -IGenerated_Source\PSoC6\pdl\devices/psoc6/ip/ -IGenerated_Source\PSoC6\pdl\devices/psoc6/psoc63/include/ -IGenerated_Source\PSoC6\pdl\drivers/peripheral/ -IGenerated_Source\PSoC6\pdl\middleware/ -Wa,-alh=.\CortexM0p\ARM_GCC_541\Debug/UART1.lst -g -D DEBUG -D CY_CORE_ID=0 -D CY_PSOC_CREATOR_USED=1 -D CY8C6347BZI_BLD53 -Wall -ffunction-sections -ffat-lto-objects -Og -c Generated_Source\PSoC6\UART1.c -o .\CortexM0p\ARM_GCC_541\Debug\UART1.o
arm-none-eabi-gcc.exe -Wl,--start-group -o "C:\Users\whao\Documents\PSoC Creator\4.2\alios\rhino.cydsn\CortexM0p\ARM_GCC_541\Debug\rhino_link.elf" .\CortexM0p\ARM_GCC_541\Debug\startup_psoc63_cm0plus.o .\CortexM0p\ARM_GCC_541\Debug\main_cm0p.o .\CortexM0p\ARM_GCC_541\Debug\system_psoc63_cm0plus.o .\CortexM0p\ARM_GCC_541\Debug\cy_ipc_config.o .\CortexM0p\ARM_GCC_541\Debug\cyfitter_sysint_cfg.o .\CortexM0p\ARM_GCC_541\Debug\cyfitter_cfg.o .\CortexM0p\ARM_GCC_541\Debug\cymetadata.o .\CortexM0p\ARM_GCC_541\Debug\cy_sysint.o .\CortexM0p\ARM_GCC_541\Debug\cy_ipc_drv.o .\CortexM0p\ARM_GCC_541\Debug\cy_ipc_sema.o .\CortexM0p\ARM_GCC_541\Debug\cy_ipc_pipe.o .\CortexM0p\ARM_GCC_541\Debug\cy_sysclk.o .\CortexM0p\ARM_GCC_541\Debug\cy_wdt.o .\CortexM0p\ARM_GCC_541\Debug\cy_efuse.o .\CortexM0p\ARM_GCC_541\Debug\cy_flash.o .\CortexM0p\ARM_GCC_541\Debug\cy_gpio.o .\CortexM0p\ARM_GCC_541\Debug\cy_sysanalog.o .\CortexM0p\ARM_GCC_541\Debug\cy_syspm.o .\CortexM0p\ARM_GCC_541\Debug\cy_syslib.o .\CortexM0p\ARM_GCC_541\Debug\cy_syslib_gcc.o .\CortexM0p\ARM_GCC_541\Debug\cy_trigmux.o .\CortexM0p\ARM_GCC_541\Debug\cy_systick.o .\CortexM0p\ARM_GCC_541\Debug\cy_profile.o .\CortexM0p\ARM_GCC_541\Debug\cy_prot.o .\CortexM0p\ARM_GCC_541\Debug\cy_lvd.o .\CortexM0p\ARM_GCC_541\Debug\cy_scb_common.o .\CortexM0p\ARM_GCC_541\Debug\cy_scb_i2c.o .\CortexM0p\ARM_GCC_541\Debug\cy_scb_ezi2c.o .\CortexM0p\ARM_GCC_541\Debug\cy_scb_spi.o .\CortexM0p\ARM_GCC_541\Debug\cy_scb_uart.o .\CortexM0p\ARM_GCC_541\Debug\cy_ble_clk.o .\CortexM0p\ARM_GCC_541\Debug\UART5.o .\CortexM0p\ARM_GCC_541\Debug\UART1.o -mcpu=cortex-m0plus -mthumb -L Generated_Source\PSoC6 -Wl,-Map,.\CortexM0p\ARM_GCC_541\Debug/rhino.map -T cy8c6xx7_cm0plus.ld -specs=nano.specs -Wl,--gc-sections -g -ffunction-sections -Og -ffat-lto-objects -Wl,--end-group
"C:\Program Files (x86)\Cypress\PDL\3.0.1\tools\win\elf\cymcuelftool.exe" --sign "C:\Users\whao\Documents\PSoC Creator\4.2\alios\rhino.cydsn\CortexM0p\ARM_GCC_541\Debug\rhino_link.elf" --output "C:\Users\whao\Documents\PSoC Creator\4.2\alios\rhino.cydsn\CortexM0p\ARM_GCC_541\Debug\rhino.elf" --hex "C:\Users\whao\Documents\PSoC Creator\4.2\alios\rhino.cydsn\CortexM0p\ARM_GCC_541\Debug\rhino.hex"
No ELF section .cychecksum found, creating one
Application checksum calculated and stored in ELF section .cychecksum
Checksum calculated and stored in ELF section .cymeta
arm-none-eabi-gcc.exe -mcpu=cortex-m4 -mfloat-abi=softfp -mfpu=fpv4-sp-d16 -mthumb -I..\aos-v1.2.0\include -I..\aos-v1.2.0\kernel\rhino\core\include -I..\aos-v1.2.0\board\cy8ckit-062 -I..\aos-v1.2.0\platform\arch\arm\armv7m\gcc\m4 -I..\aos-v1.2.0\platform\mcu\cy8c6347\hal -I..\aos-v1.2.0\kernel\vcall\aos -I. -IGenerated_Source\PSoC6 -IGenerated_Source\PSoC6\pdl\cmsis/include/ -IGenerated_Source\PSoC6\pdl\devices/psoc6/ip/ -IGenerated_Source\PSoC6\pdl\devices/psoc6/psoc63/include/ -IGenerated_Source\PSoC6\pdl\drivers/peripheral/ -IGenerated_Source\PSoC6\pdl\middleware/ -Wa,-alh=.\CortexM4\ARM_GCC_541\Debug/k_time.lst -g -D DEBUG -D CY_CORE_ID=0 -D CONFIG_NO_TCPIP -D "SYSINFO_KERNEL_VERSION=\"AOS-R-1.2.0\"" -D CY_PSOC_CREATOR_USED=1 -D CY8C6347BZI_BLD53 -Wall -ffunction-sections -ffat-lto-objects -Og -c ..\aos-v1.2.0\kernel\rhino\core\k_time.c -o .\CortexM4\ARM_GCC_541\Debug\k_time.o
arm-none-eabi-gcc.exe -mcpu=cortex-m4 -mfloat-abi=softfp -mfpu=fpv4-sp-d16 -mthumb -I..\aos-v1.2.0\include -I..\aos-v1.2.0\kernel\rhino\core\include -I..\aos-v1.2.0\board\cy8ckit-062 -I..\aos-v1.2.0\platform\arch\arm\armv7m\gcc\m4 -I..\aos-v1.2.0\platform\mcu\cy8c6347\hal -I..\aos-v1.2.0\kernel\vcall\aos -I. -IGenerated_Source\PSoC6 -IGenerated_Source\PSoC6\pdl\cmsis/include/ -IGenerated_Source\PSoC6\pdl\devices/psoc6/ip/ -IGenerated_Source\PSoC6\pdl\devices/psoc6/psoc63/include/ -IGenerated_Source\PSoC6\pdl\drivers/peripheral/ -IGenerated_Source\PSoC6\pdl\middleware/ -Wa,-alh=.\CortexM4\ARM_GCC_541\Debug/k_timer.lst -g -D DEBUG -D CY_CORE_ID=0 -D CONFIG_NO_TCPIP -D "SYSINFO_KERNEL_VERSION=\"AOS-R-1.2.0\"" -D CY_PSOC_CREATOR_USED=1 -D CY8C6347BZI_BLD53 -Wall -ffunction-sections -ffat-lto-objects -Og -c ..\aos-v1.2.0\kernel\rhino\core\k_timer.c -o .\CortexM4\ARM_GCC_541\Debug\k_timer.o
arm-none-eabi-gcc.exe -mcpu=cortex-m4 -mfloat-abi=softfp -mfpu=fpv4-sp-d16 -mthumb -I..\aos-v1.2.0\include -I..\aos-v1.2.0\kernel\rhino\core\include -I..\aos-v1.2.0\board\cy8ckit-062 -I..\aos-v1.2.0\platform\arch\arm\armv7m\gcc\m4 -I..\aos-v1.2.0\platform\mcu\cy8c6347\hal -I..\aos-v1.2.0\kernel\vcall\aos -I. -IGenerated_Source\PSoC6 -IGenerated_Source\PSoC6\pdl\cmsis/include/ -IGenerated_Source\PSoC6\pdl\devices/psoc6/ip/ -IGenerated_Source\PSoC6\pdl\devices/psoc6/psoc63/include/ -IGenerated_Source\PSoC6\pdl\drivers/peripheral/ -IGenerated_Source\PSoC6\pdl\middleware/ -Wa,-alh=.\CortexM4\ARM_GCC_541\Debug/k_workqueue.lst -g -D DEBUG -D CY_CORE_ID=0 -D CONFIG_NO_TCPIP -D "SYSINFO_KERNEL_VERSION=\"AOS-R-1.2.0\"" -D CY_PSOC_CREATOR_USED=1 -D CY8C6347BZI_BLD53 -Wall -ffunction-sections -ffat-lto-objects -Og -c ..\aos-v1.2.0\kernel\rhino\core\k_workqueue.c -o .\CortexM4\ARM_GCC_541\Debug\k_workqueue.o
arm-none-eabi-gcc.exe -mcpu=cortex-m4 -mfloat-abi=softfp -mfpu=fpv4-sp-d16 -mthumb -I..\aos-v1.2.0\include -I..\aos-v1.2.0\kernel\rhino\core\include -I..\aos-v1.2.0\board\cy8ckit-062 -I..\aos-v1.2.0\platform\arch\arm\armv7m\gcc\m4 -I..\aos-v1.2.0\platform\mcu\cy8c6347\hal -I..\aos-v1.2.0\kernel\vcall\aos -I. -IGenerated_Source\PSoC6 -IGenerated_Source\PSoC6\pdl\cmsis/include/ -IGenerated_Source\PSoC6\pdl\devices/psoc6/ip/ -IGenerated_Source\PSoC6\pdl\devices/psoc6/psoc63/include/ -IGenerated_Source\PSoC6\pdl\drivers/peripheral/ -IGenerated_Source\PSoC6\pdl\middleware/ -Wa,-alh=.\CortexM4\ARM_GCC_541\Debug/k_buf_queue.lst -g -D DEBUG -D CY_CORE_ID=0 -D CONFIG_NO_TCPIP -D "SYSINFO_KERNEL_VERSION=\"AOS-R-1.2.0\"" -D CY_PSOC_CREATOR_USED=1 -D CY8C6347BZI_BLD53 -Wall -ffunction-sections -ffat-lto-objects -Og -c ..\aos-v1.2.0\kernel\rhino\core\k_buf_queue.c -o .\CortexM4\ARM_GCC_541\Debug\k_buf_queue.o
arm-none-eabi-gcc.exe -mcpu=cortex-m4 -mfloat-abi=softfp -mfpu=fpv4-sp-d16 -mthumb -I..\aos-v1.2.0\include -I..\aos-v1.2.0\kernel\rhino\core\include -I..\aos-v1.2.0\board\cy8ckit-062 -I..\aos-v1.2.0\platform\arch\arm\armv7m\gcc\m4 -I..\aos-v1.2.0\platform\mcu\cy8c6347\hal -I..\aos-v1.2.0\kernel\vcall\aos -I. -IGenerated_Source\PSoC6 -IGenerated_Source\PSoC6\pdl\cmsis/include/ -IGenerated_Source\PSoC6\pdl\devices/psoc6/ip/ -IGenerated_Source\PSoC6\pdl\devices/psoc6/psoc63/include/ -IGenerated_Source\PSoC6\pdl\drivers/peripheral/ -IGenerated_Source\PSoC6\pdl\middleware/ -Wa,-alh=.\CortexM4\ARM_GCC_541\Debug/k_dyn_mem_proc.lst -g -D DEBUG -D CY_CORE_ID=0 -D CONFIG_NO_TCPIP -D "SYSINFO_KERNEL_VERSION=\"AOS-R-1.2.0\"" -D CY_PSOC_CREATOR_USED=1 -D CY8C6347BZI_BLD53 -Wall -ffunction-sections -ffat-lto-objects -Og -c ..\aos-v1.2.0\kernel\rhino\core\k_dyn_mem_proc.c -o .\CortexM4\ARM_GCC_541\Debug\k_dyn_mem_proc.o
arm-none-eabi-gcc.exe -mcpu=cortex-m4 -mfloat-abi=softfp -mfpu=fpv4-sp-d16 -mthumb -I..\aos-v1.2.0\include -I..\aos-v1.2.0\kernel\rhino\core\include -I..\aos-v1.2.0\board\cy8ckit-062 -I..\aos-v1.2.0\platform\arch\arm\armv7m\gcc\m4 -I..\aos-v1.2.0\platform\mcu\cy8c6347\hal -I..\aos-v1.2.0\kernel\vcall\aos -I. -IGenerated_Source\PSoC6 -IGenerated_Source\PSoC6\pdl\cmsis/include/ -IGenerated_Source\PSoC6\pdl\devices/psoc6/ip/ -IGenerated_Source\PSoC6\pdl\devices/psoc6/psoc63/include/ -IGenerated_Source\PSoC6\pdl\drivers/peripheral/ -IGenerated_Source\PSoC6\pdl\middleware/ -Wa,-alh=.\CortexM4\ARM_GCC_541\Debug/k_err.lst -g -D DEBUG -D CY_CORE_ID=0 -D CONFIG_NO_TCPIP -D "SYSINFO_KERNEL_VERSION=\"AOS-R-1.2.0\"" -D CY_PSOC_CREATOR_USED=1 -D CY8C6347BZI_BLD53 -Wall -ffunction-sections -ffat-lto-objects -Og -c ..\aos-v1.2.0\kernel\rhino\core\k_err.c -o .\CortexM4\ARM_GCC_541\Debug\k_err.o
arm-none-eabi-gcc.exe -mcpu=cortex-m4 -mfloat-abi=softfp -mfpu=fpv4-sp-d16 -mthumb -I..\aos-v1.2.0\include -I..\aos-v1.2.0\kernel\rhino\core\include -I..\aos-v1.2.0\board\cy8ckit-062 -I..\aos-v1.2.0\platform\arch\arm\armv7m\gcc\m4 -I..\aos-v1.2.0\platform\mcu\cy8c6347\hal -I..\aos-v1.2.0\kernel\vcall\aos -I. -IGenerated_Source\PSoC6 -IGenerated_Source\PSoC6\pdl\cmsis/include/ -IGenerated_Source\PSoC6\pdl\devices/psoc6/ip/ -IGenerated_Source\PSoC6\pdl\devices/psoc6/psoc63/include/ -IGenerated_Source\PSoC6\pdl\drivers/peripheral/ -IGenerated_Source\PSoC6\pdl\middleware/ -Wa,-alh=.\CortexM4\ARM_GCC_541\Debug/k_event.lst -g -D DEBUG -D CY_CORE_ID=0 -D CONFIG_NO_TCPIP -D "SYSINFO_KERNEL_VERSION=\"AOS-R-1.2.0\"" -D CY_PSOC_CREATOR_USED=1 -D CY8C6347BZI_BLD53 -Wall -ffunction-sections -ffat-lto-objects -Og -c ..\aos-v1.2.0\kernel\rhino\core\k_event.c -o .\CortexM4\ARM_GCC_541\Debug\k_event.o
arm-none-eabi-gcc.exe -mcpu=cortex-m4 -mfloat-abi=softfp -mfpu=fpv4-sp-d16 -mthumb -I..\aos-v1.2.0\include -I..\aos-v1.2.0\kernel\rhino\core\include -I..\aos-v1.2.0\board\cy8ckit-062 -I..\aos-v1.2.0\platform\arch\arm\armv7m\gcc\m4 -I..\aos-v1.2.0\platform\mcu\cy8c6347\hal -I..\aos-v1.2.0\kernel\vcall\aos -I. -IGenerated_Source\PSoC6 -IGenerated_Source\PSoC6\pdl\cmsis/include/ -IGenerated_Source\PSoC6\pdl\devices/psoc6/ip/ -IGenerated_Source\PSoC6\pdl\devices/psoc6/psoc63/include/ -IGenerated_Source\PSoC6\pdl\drivers/peripheral/ -IGenerated_Source\PSoC6\pdl\middleware/ -Wa,-alh=.\CortexM4\ARM_GCC_541\Debug/k_idle.lst -g -D DEBUG -D CY_CORE_ID=0 -D CONFIG_NO_TCPIP -D "SYSINFO_KERNEL_VERSION=\"AOS-R-1.2.0\"" -D CY_PSOC_CREATOR_USED=1 -D CY8C6347BZI_BLD53 -Wall -ffunction-sections -ffat-lto-objects -Og -c ..\aos-v1.2.0\kernel\rhino\core\k_idle.c -o .\CortexM4\ARM_GCC_541\Debug\k_idle.o
arm-none-eabi-gcc.exe -mcpu=cortex-m4 -mfloat-abi=softfp -mfpu=fpv4-sp-d16 -mthumb -I..\aos-v1.2.0\include -I..\aos-v1.2.0\kernel\rhino\core\include -I..\aos-v1.2.0\board\cy8ckit-062 -I..\aos-v1.2.0\platform\arch\arm\armv7m\gcc\m4 -I..\aos-v1.2.0\platform\mcu\cy8c6347\hal -I..\aos-v1.2.0\kernel\vcall\aos -I. -IGenerated_Source\PSoC6 -IGenerated_Source\PSoC6\pdl\cmsis/include/ -IGenerated_Source\PSoC6\pdl\devices/psoc6/ip/ -IGenerated_Source\PSoC6\pdl\devices/psoc6/psoc63/include/ -IGenerated_Source\PSoC6\pdl\drivers/peripheral/ -IGenerated_Source\PSoC6\pdl\middleware/ -Wa,-alh=.\CortexM4\ARM_GCC_541\Debug/k_mm.lst -g -D DEBUG -D CY_CORE_ID=0 -D CONFIG_NO_TCPIP -D "SYSINFO_KERNEL_VERSION=\"AOS-R-1.2.0\"" -D CY_PSOC_CREATOR_USED=1 -D CY8C6347BZI_BLD53 -Wall -ffunction-sections -ffat-lto-objects -Og -c ..\aos-v1.2.0\kernel\rhino\core\k_mm.c -o .\CortexM4\ARM_GCC_541\Debug\k_mm.o
arm-none-eabi-gcc.exe -mcpu=cortex-m4 -mfloat-abi=softfp -mfpu=fpv4-sp-d16 -mthumb -I..\aos-v1.2.0\include -I..\aos-v1.2.0\kernel\rhino\core\include -I..\aos-v1.2.0\board\cy8ckit-062 -I..\aos-v1.2.0\platform\arch\arm\armv7m\gcc\m4 -I..\aos-v1.2.0\platform\mcu\cy8c6347\hal -I..\aos-v1.2.0\kernel\vcall\aos -I. -IGenerated_Source\PSoC6 -IGenerated_Source\PSoC6\pdl\cmsis/include/ -IGenerated_Source\PSoC6\pdl\devices/psoc6/ip/ -IGenerated_Source\PSoC6\pdl\devices/psoc6/psoc63/include/ -IGenerated_Source\PSoC6\pdl\drivers/peripheral/ -IGenerated_Source\PSoC6\pdl\middleware/ -Wa,-alh=.\CortexM4\ARM_GCC_541\Debug/k_mm_blk.lst -g -D DEBUG -D CY_CORE_ID=0 -D CONFIG_NO_TCPIP -D "SYSINFO_KERNEL_VERSION=\"AOS-R-1.2.0\"" -D CY_PSOC_CREATOR_USED=1 -D CY8C6347BZI_BLD53 -Wall -ffunction-sections -ffat-lto-objects -Og -c ..\aos-v1.2.0\kernel\rhino\core\k_mm_blk.c -o .\CortexM4\ARM_GCC_541\Debug\k_mm_blk.o
arm-none-eabi-gcc.exe -mcpu=cortex-m4 -mfloat-abi=softfp -mfpu=fpv4-sp-d16 -mthumb -I..\aos-v1.2.0\include -I..\aos-v1.2.0\kernel\rhino\core\include -I..\aos-v1.2.0\board\cy8ckit-062 -I..\aos-v1.2.0\platform\arch\arm\armv7m\gcc\m4 -I..\aos-v1.2.0\platform\mcu\cy8c6347\hal -I..\aos-v1.2.0\kernel\vcall\aos -I. -IGenerated_Source\PSoC6 -IGenerated_Source\PSoC6\pdl\cmsis/include/ -IGenerated_Source\PSoC6\pdl\devices/psoc6/ip/ -IGenerated_Source\PSoC6\pdl\devices/psoc6/psoc63/include/ -IGenerated_Source\PSoC6\pdl\drivers/peripheral/ -IGenerated_Source\PSoC6\pdl\middleware/ -Wa,-alh=.\CortexM4\ARM_GCC_541\Debug/k_mm_debug.lst -g -D DEBUG -D CY_CORE_ID=0 -D CONFIG_NO_TCPIP -D "SYSINFO_KERNEL_VERSION=\"AOS-R-1.2.0\"" -D CY_PSOC_CREATOR_USED=1 -D CY8C6347BZI_BLD53 -Wall -ffunction-sections -ffat-lto-objects -Og -c ..\aos-v1.2.0\kernel\rhino\core\k_mm_debug.c -o .\CortexM4\ARM_GCC_541\Debug\k_mm_debug.o
arm-none-eabi-gcc.exe -mcpu=cortex-m4 -mfloat-abi=softfp -mfpu=fpv4-sp-d16 -mthumb -I..\aos-v1.2.0\include -I..\aos-v1.2.0\kernel\rhino\core\include -I..\aos-v1.2.0\board\cy8ckit-062 -I..\aos-v1.2.0\platform\arch\arm\armv7m\gcc\m4 -I..\aos-v1.2.0\platform\mcu\cy8c6347\hal -I..\aos-v1.2.0\kernel\vcall\aos -I. -IGenerated_Source\PSoC6 -IGenerated_Source\PSoC6\pdl\cmsis/include/ -IGenerated_Source\PSoC6\pdl\devices/psoc6/ip/ -IGenerated_Source\PSoC6\pdl\devices/psoc6/psoc63/include/ -IGenerated_Source\PSoC6\pdl\drivers/peripheral/ -IGenerated_Source\PSoC6\pdl\middleware/ -Wa,-alh=.\CortexM4\ARM_GCC_541\Debug/k_mutex.lst -g -D DEBUG -D CY_CORE_ID=0 -D CONFIG_NO_TCPIP -D "SYSINFO_KERNEL_VERSION=\"AOS-R-1.2.0\"" -D CY_PSOC_CREATOR_USED=1 -D CY8C6347BZI_BLD53 -Wall -ffunction-sections -ffat-lto-objects -Og -c ..\aos-v1.2.0\kernel\rhino\core\k_mutex.c -o .\CortexM4\ARM_GCC_541\Debug\k_mutex.o
arm-none-eabi-gcc.exe -mcpu=cortex-m4 -mfloat-abi=softfp -mfpu=fpv4-sp-d16 -mthumb -I..\aos-v1.2.0\include -I..\aos-v1.2.0\kernel\rhino\core\include -I..\aos-v1.2.0\board\cy8ckit-062 -I..\aos-v1.2.0\platform\arch\arm\armv7m\gcc\m4 -I..\aos-v1.2.0\platform\mcu\cy8c6347\hal -I..\aos-v1.2.0\kernel\vcall\aos -I. -IGenerated_Source\PSoC6 -IGenerated_Source\PSoC6\pdl\cmsis/include/ -IGenerated_Source\PSoC6\pdl\devices/psoc6/ip/ -IGenerated_Source\PSoC6\pdl\devices/psoc6/psoc63/include/ -IGenerated_Source\PSoC6\pdl\drivers/peripheral/ -IGenerated_Source\PSoC6\pdl\middleware/ -Wa,-alh=.\CortexM4\ARM_GCC_541\Debug/k_obj.lst -g -D DEBUG -D CY_CORE_ID=0 -D CONFIG_NO_TCPIP -D "SYSINFO_KERNEL_VERSION=\"AOS-R-1.2.0\"" -D CY_PSOC_CREATOR_USED=1 -D CY8C6347BZI_BLD53 -Wall -ffunction-sections -ffat-lto-objects -Og -c ..\aos-v1.2.0\kernel\rhino\core\k_obj.c -o .\CortexM4\ARM_GCC_541\Debug\k_obj.o
arm-none-eabi-gcc.exe -mcpu=cortex-m4 -mfloat-abi=softfp -mfpu=fpv4-sp-d16 -mthumb -I..\aos-v1.2.0\include -I..\aos-v1.2.0\kernel\rhino\core\include -I..\aos-v1.2.0\board\cy8ckit-062 -I..\aos-v1.2.0\platform\arch\arm\armv7m\gcc\m4 -I..\aos-v1.2.0\platform\mcu\cy8c6347\hal -I..\aos-v1.2.0\kernel\vcall\aos -I. -IGenerated_Source\PSoC6 -IGenerated_Source\PSoC6\pdl\cmsis/include/ -IGenerated_Source\PSoC6\pdl\devices/psoc6/ip/ -IGenerated_Source\PSoC6\pdl\devices/psoc6/psoc63/include/ -IGenerated_Source\PSoC6\pdl\drivers/peripheral/ -IGenerated_Source\PSoC6\pdl\middleware/ -Wa,-alh=.\CortexM4\ARM_GCC_541\Debug/k_obj_set.lst -g -D DEBUG -D CY_CORE_ID=0 -D CONFIG_NO_TCPIP -D "SYSINFO_KERNEL_VERSION=\"AOS-R-1.2.0\"" -D CY_PSOC_CREATOR_USED=1 -D CY8C6347BZI_BLD53 -Wall -ffunction-sections -ffat-lto-objects -Og -c ..\aos-v1.2.0\kernel\rhino\core\k_obj_set.c -o .\CortexM4\ARM_GCC_541\Debug\k_obj_set.o
arm-none-eabi-gcc.exe -mcpu=cortex-m4 -mfloat-abi=softfp -mfpu=fpv4-sp-d16 -mthumb -I..\aos-v1.2.0\include -I..\aos-v1.2.0\kernel\rhino\core\include -I..\aos-v1.2.0\board\cy8ckit-062 -I..\aos-v1.2.0\platform\arch\arm\armv7m\gcc\m4 -I..\aos-v1.2.0\platform\mcu\cy8c6347\hal -I..\aos-v1.2.0\kernel\vcall\aos -I. -IGenerated_Source\PSoC6 -IGenerated_Source\PSoC6\pdl\cmsis/include/ -IGenerated_Source\PSoC6\pdl\devices/psoc6/ip/ -IGenerated_Source\PSoC6\pdl\devices/psoc6/psoc63/include/ -IGenerated_Source\PSoC6\pdl\drivers/peripheral/ -IGenerated_Source\PSoC6\pdl\middleware/ -Wa,-alh=.\CortexM4\ARM_GCC_541\Debug/k_pend.lst -g -D DEBUG -D CY_CORE_ID=0 -D CONFIG_NO_TCPIP -D "SYSINFO_KERNEL_VERSION=\"AOS-R-1.2.0\"" -D CY_PSOC_CREATOR_USED=1 -D CY8C6347BZI_BLD53 -Wall -ffunction-sections -ffat-lto-objects -Og -c ..\aos-v1.2.0\kernel\rhino\core\k_pend.c -o .\CortexM4\ARM_GCC_541\Debug\k_pend.o
arm-none-eabi-gcc.exe -mcpu=cortex-m4 -mfloat-abi=softfp -mfpu=fpv4-sp-d16 -mthumb -I..\aos-v1.2.0\include -I..\aos-v1.2.0\kernel\rhino\core\include -I..\aos-v1.2.0\board\cy8ckit-062 -I..\aos-v1.2.0\platform\arch\arm\armv7m\gcc\m4 -I..\aos-v1.2.0\platform\mcu\cy8c6347\hal -I..\aos-v1.2.0\kernel\vcall\aos -I. -IGenerated_Source\PSoC6 -IGenerated_Source\PSoC6\pdl\cmsis/include/ -IGenerated_Source\PSoC6\pdl\devices/psoc6/ip/ -IGenerated_Source\PSoC6\pdl\devices/psoc6/psoc63/include/ -IGenerated_Source\PSoC6\pdl\drivers/peripheral/ -IGenerated_Source\PSoC6\pdl\middleware/ -Wa,-alh=.\CortexM4\ARM_GCC_541\Debug/k_queue.lst -g -D DEBUG -D CY_CORE_ID=0 -D CONFIG_NO_TCPIP -D "SYSINFO_KERNEL_VERSION=\"AOS-R-1.2.0\"" -D CY_PSOC_CREATOR_USED=1 -D CY8C6347BZI_BLD53 -Wall -ffunction-sections -ffat-lto-objects -Og -c ..\aos-v1.2.0\kernel\rhino\core\k_queue.c -o .\CortexM4\ARM_GCC_541\Debug\k_queue.o
arm-none-eabi-gcc.exe -mcpu=cortex-m4 -mfloat-abi=softfp -mfpu=fpv4-sp-d16 -mthumb -I..\aos-v1.2.0\include -I..\aos-v1.2.0\kernel\rhino\core\include -I..\aos-v1.2.0\board\cy8ckit-062 -I..\aos-v1.2.0\platform\arch\arm\armv7m\gcc\m4 -I..\aos-v1.2.0\platform\mcu\cy8c6347\hal -I..\aos-v1.2.0\kernel\vcall\aos -I. -IGenerated_Source\PSoC6 -IGenerated_Source\PSoC6\pdl\cmsis/include/ -IGenerated_Source\PSoC6\pdl\devices/psoc6/ip/ -IGenerated_Source\PSoC6\pdl\devices/psoc6/psoc63/include/ -IGenerated_Source\PSoC6\pdl\drivers/peripheral/ -IGenerated_Source\PSoC6\pdl\middleware/ -Wa,-alh=.\CortexM4\ARM_GCC_541\Debug/k_ringbuf.lst -g -D DEBUG -D CY_CORE_ID=0 -D CONFIG_NO_TCPIP -D "SYSINFO_KERNEL_VERSION=\"AOS-R-1.2.0\"" -D CY_PSOC_CREATOR_USED=1 -D CY8C6347BZI_BLD53 -Wall -ffunction-sections -ffat-lto-objects -Og -c ..\aos-v1.2.0\kernel\rhino\core\k_ringbuf.c -o .\CortexM4\ARM_GCC_541\Debug\k_ringbuf.o
arm-none-eabi-gcc.exe -mcpu=cortex-m4 -mfloat-abi=softfp -mfpu=fpv4-sp-d16 -mthumb -I..\aos-v1.2.0\include -I..\aos-v1.2.0\kernel\rhino\core\include -I..\aos-v1.2.0\board\cy8ckit-062 -I..\aos-v1.2.0\platform\arch\arm\armv7m\gcc\m4 -I..\aos-v1.2.0\platform\mcu\cy8c6347\hal -I..\aos-v1.2.0\kernel\vcall\aos -I. -IGenerated_Source\PSoC6 -IGenerated_Source\PSoC6\pdl\cmsis/include/ -IGenerated_Source\PSoC6\pdl\devices/psoc6/ip/ -IGenerated_Source\PSoC6\pdl\devices/psoc6/psoc63/include/ -IGenerated_Source\PSoC6\pdl\drivers/peripheral/ -IGenerated_Source\PSoC6\pdl\middleware/ -Wa,-alh=.\CortexM4\ARM_GCC_541\Debug/k_sched.lst -g -D DEBUG -D CY_CORE_ID=0 -D CONFIG_NO_TCPIP -D "SYSINFO_KERNEL_VERSION=\"AOS-R-1.2.0\"" -D CY_PSOC_CREATOR_USED=1 -D CY8C6347BZI_BLD53 -Wall -ffunction-sections -ffat-lto-objects -Og -c ..\aos-v1.2.0\kernel\rhino\core\k_sched.c -o .\CortexM4\ARM_GCC_541\Debug\k_sched.o
arm-none-eabi-gcc.exe -mcpu=cortex-m4 -mfloat-abi=softfp -mfpu=fpv4-sp-d16 -mthumb -I..\aos-v1.2.0\include -I..\aos-v1.2.0\kernel\rhino\core\include -I..\aos-v1.2.0\board\cy8ckit-062 -I..\aos-v1.2.0\platform\arch\arm\armv7m\gcc\m4 -I..\aos-v1.2.0\platform\mcu\cy8c6347\hal -I..\aos-v1.2.0\kernel\vcall\aos -I. -IGenerated_Source\PSoC6 -IGenerated_Source\PSoC6\pdl\cmsis/include/ -IGenerated_Source\PSoC6\pdl\devices/psoc6/ip/ -IGenerated_Source\PSoC6\pdl\devices/psoc6/psoc63/include/ -IGenerated_Source\PSoC6\pdl\drivers/peripheral/ -IGenerated_Source\PSoC6\pdl\middleware/ -Wa,-alh=.\CortexM4\ARM_GCC_541\Debug/k_sem.lst -g -D DEBUG -D CY_CORE_ID=0 -D CONFIG_NO_TCPIP -D "SYSINFO_KERNEL_VERSION=\"AOS-R-1.2.0\"" -D CY_PSOC_CREATOR_USED=1 -D CY8C6347BZI_BLD53 -Wall -ffunction-sections -ffat-lto-objects -Og -c ..\aos-v1.2.0\kernel\rhino\core\k_sem.c -o .\CortexM4\ARM_GCC_541\Debug\k_sem.o
arm-none-eabi-gcc.exe -mcpu=cortex-m4 -mfloat-abi=softfp -mfpu=fpv4-sp-d16 -mthumb -I..\aos-v1.2.0\include -I..\aos-v1.2.0\kernel\rhino\core\include -I..\aos-v1.2.0\board\cy8ckit-062 -I..\aos-v1.2.0\platform\arch\arm\armv7m\gcc\m4 -I..\aos-v1.2.0\platform\mcu\cy8c6347\hal -I..\aos-v1.2.0\kernel\vcall\aos -I. -IGenerated_Source\PSoC6 -IGenerated_Source\PSoC6\pdl\cmsis/include/ -IGenerated_Source\PSoC6\pdl\devices/psoc6/ip/ -IGenerated_Source\PSoC6\pdl\devices/psoc6/psoc63/include/ -IGenerated_Source\PSoC6\pdl\drivers/peripheral/ -IGenerated_Source\PSoC6\pdl\middleware/ -Wa,-alh=.\CortexM4\ARM_GCC_541\Debug/k_stats.lst -g -D DEBUG -D CY_CORE_ID=0 -D CONFIG_NO_TCPIP -D "SYSINFO_KERNEL_VERSION=\"AOS-R-1.2.0\"" -D CY_PSOC_CREATOR_USED=1 -D CY8C6347BZI_BLD53 -Wall -ffunction-sections -ffat-lto-objects -Og -c ..\aos-v1.2.0\kernel\rhino\core\k_stats.c -o .\CortexM4\ARM_GCC_541\Debug\k_stats.o
arm-none-eabi-gcc.exe -mcpu=cortex-m4 -mfloat-abi=softfp -mfpu=fpv4-sp-d16 -mthumb -I..\aos-v1.2.0\include -I..\aos-v1.2.0\kernel\rhino\core\include -I..\aos-v1.2.0\board\cy8ckit-062 -I..\aos-v1.2.0\platform\arch\arm\armv7m\gcc\m4 -I..\aos-v1.2.0\platform\mcu\cy8c6347\hal -I..\aos-v1.2.0\kernel\vcall\aos -I. -IGenerated_Source\PSoC6 -IGenerated_Source\PSoC6\pdl\cmsis/include/ -IGenerated_Source\PSoC6\pdl\devices/psoc6/ip/ -IGenerated_Source\PSoC6\pdl\devices/psoc6/psoc63/include/ -IGenerated_Source\PSoC6\pdl\drivers/peripheral/ -IGenerated_Source\PSoC6\pdl\middleware/ -Wa,-alh=.\CortexM4\ARM_GCC_541\Debug/k_sys.lst -g -D DEBUG -D CY_CORE_ID=0 -D CONFIG_NO_TCPIP -D "SYSINFO_KERNEL_VERSION=\"AOS-R-1.2.0\"" -D CY_PSOC_CREATOR_USED=1 -D CY8C6347BZI_BLD53 -Wall -ffunction-sections -ffat-lto-objects -Og -c ..\aos-v1.2.0\kernel\rhino\core\k_sys.c -o .\CortexM4\ARM_GCC_541\Debug\k_sys.o
arm-none-eabi-gcc.exe -mcpu=cortex-m4 -mfloat-abi=softfp -mfpu=fpv4-sp-d16 -mthumb -I..\aos-v1.2.0\include -I..\aos-v1.2.0\kernel\rhino\core\include -I..\aos-v1.2.0\board\cy8ckit-062 -I..\aos-v1.2.0\platform\arch\arm\armv7m\gcc\m4 -I..\aos-v1.2.0\platform\mcu\cy8c6347\hal -I..\aos-v1.2.0\kernel\vcall\aos -I. -IGenerated_Source\PSoC6 -IGenerated_Source\PSoC6\pdl\cmsis/include/ -IGenerated_Source\PSoC6\pdl\devices/psoc6/ip/ -IGenerated_Source\PSoC6\pdl\devices/psoc6/psoc63/include/ -IGenerated_Source\PSoC6\pdl\drivers/peripheral/ -IGenerated_Source\PSoC6\pdl\middleware/ -Wa,-alh=.\CortexM4\ARM_GCC_541\Debug/k_task.lst -g -D DEBUG -D CY_CORE_ID=0 -D CONFIG_NO_TCPIP -D "SYSINFO_KERNEL_VERSION=\"AOS-R-1.2.0\"" -D CY_PSOC_CREATOR_USED=1 -D CY8C6347BZI_BLD53 -Wall -ffunction-sections -ffat-lto-objects -Og -c ..\aos-v1.2.0\kernel\rhino\core\k_task.c -o .\CortexM4\ARM_GCC_541\Debug\k_task.o
arm-none-eabi-gcc.exe -mcpu=cortex-m4 -mfloat-abi=softfp -mfpu=fpv4-sp-d16 -mthumb -I..\aos-v1.2.0\include -I..\aos-v1.2.0\kernel\rhino\core\include -I..\aos-v1.2.0\board\cy8ckit-062 -I..\aos-v1.2.0\platform\arch\arm\armv7m\gcc\m4 -I..\aos-v1.2.0\platform\mcu\cy8c6347\hal -I..\aos-v1.2.0\kernel\vcall\aos -I. -IGenerated_Source\PSoC6 -IGenerated_Source\PSoC6\pdl\cmsis/include/ -IGenerated_Source\PSoC6\pdl\devices/psoc6/ip/ -IGenerated_Source\PSoC6\pdl\devices/psoc6/psoc63/include/ -IGenerated_Source\PSoC6\pdl\drivers/peripheral/ -IGenerated_Source\PSoC6\pdl\middleware/ -Wa,-alh=.\CortexM4\ARM_GCC_541\Debug/k_task_sem.lst -g -D DEBUG -D CY_CORE_ID=0 -D CONFIG_NO_TCPIP -D "SYSINFO_KERNEL_VERSION=\"AOS-R-1.2.0\"" -D CY_PSOC_CREATOR_USED=1 -D CY8C6347BZI_BLD53 -Wall -ffunction-sections -ffat-lto-objects -Og -c ..\aos-v1.2.0\kernel\rhino\core\k_task_sem.c -o .\CortexM4\ARM_GCC_541\Debug\k_task_sem.o
arm-none-eabi-gcc.exe -mcpu=cortex-m4 -mfloat-abi=softfp -mfpu=fpv4-sp-d16 -mthumb -I..\aos-v1.2.0\include -I..\aos-v1.2.0\kernel\rhino\core\include -I..\aos-v1.2.0\board\cy8ckit-062 -I..\aos-v1.2.0\platform\arch\arm\armv7m\gcc\m4 -I..\aos-v1.2.0\platform\mcu\cy8c6347\hal -I..\aos-v1.2.0\kernel\vcall\aos -I. -IGenerated_Source\PSoC6 -IGenerated_Source\PSoC6\pdl\cmsis/include/ -IGenerated_Source\PSoC6\pdl\devices/psoc6/ip/ -IGenerated_Source\PSoC6\pdl\devices/psoc6/psoc63/include/ -IGenerated_Source\PSoC6\pdl\drivers/peripheral/ -IGenerated_Source\PSoC6\pdl\middleware/ -Wa,-alh=.\CortexM4\ARM_GCC_541\Debug/k_tick.lst -g -D DEBUG -D CY_CORE_ID=0 -D CONFIG_NO_TCPIP -D "SYSINFO_KERNEL_VERSION=\"AOS-R-1.2.0\"" -D CY_PSOC_CREATOR_USED=1 -D CY8C6347BZI_BLD53 -Wall -ffunction-sections -ffat-lto-objects -Og -c ..\aos-v1.2.0\kernel\rhino\core\k_tick.c -o .\CortexM4\ARM_GCC_541\Debug\k_tick.o
arm-none-eabi-gcc.exe -mcpu=cortex-m4 -mfloat-abi=softfp -mfpu=fpv4-sp-d16 -mthumb -I..\aos-v1.2.0\include -I..\aos-v1.2.0\kernel\rhino\core\include -I..\aos-v1.2.0\board\cy8ckit-062 -I..\aos-v1.2.0\platform\arch\arm\armv7m\gcc\m4 -I..\aos-v1.2.0\platform\mcu\cy8c6347\hal -I..\aos-v1.2.0\kernel\vcall\aos -I. -IGenerated_Source\PSoC6 -IGenerated_Source\PSoC6\pdl\cmsis/include/ -IGenerated_Source\PSoC6\pdl\devices/psoc6/ip/ -IGenerated_Source\PSoC6\pdl\devices/psoc6/psoc63/include/ -IGenerated_Source\PSoC6\pdl\drivers/peripheral/ -IGenerated_Source\PSoC6\pdl\middleware/ -Wa,-alh=.\CortexM4\ARM_GCC_541\Debug/startup_psoc63_cm4.lst -g -D DEBUG -D CY_CORE_ID=0 -D CONFIG_NO_TCPIP -D "SYSINFO_KERNEL_VERSION=\"AOS-R-1.2.0\"" -D CY_PSOC_CREATOR_USED=1 -D CY8C6347BZI_BLD53 -Wall -ffunction-sections -ffat-lto-objects -Og -c armgcc\startup\startup_psoc63_cm4.S -o .\CortexM4\ARM_GCC_541\Debug\startup_psoc63_cm4.o
arm-none-eabi-gcc.exe -mcpu=cortex-m4 -mfloat-abi=softfp -mfpu=fpv4-sp-d16 -mthumb -I..\aos-v1.2.0\include -I..\aos-v1.2.0\kernel\rhino\core\include -I..\aos-v1.2.0\board\cy8ckit-062 -I..\aos-v1.2.0\platform\arch\arm\armv7m\gcc\m4 -I..\aos-v1.2.0\platform\mcu\cy8c6347\hal -I..\aos-v1.2.0\kernel\vcall\aos -I. -IGenerated_Source\PSoC6 -IGenerated_Source\PSoC6\pdl\cmsis/include/ -IGenerated_Source\PSoC6\pdl\devices/psoc6/ip/ -IGenerated_Source\PSoC6\pdl\devices/psoc6/psoc63/include/ -IGenerated_Source\PSoC6\pdl\drivers/peripheral/ -IGenerated_Source\PSoC6\pdl\middleware/ -Wa,-alh=.\CortexM4\ARM_GCC_541\Debug/port_c.lst -g -D DEBUG -D CY_CORE_ID=0 -D CONFIG_NO_TCPIP -D "SYSINFO_KERNEL_VERSION=\"AOS-R-1.2.0\"" -D CY_PSOC_CREATOR_USED=1 -D CY8C6347BZI_BLD53 -Wall -ffunction-sections -ffat-lto-objects -Og -c ..\aos-v1.2.0\platform\arch\arm\armv7m\gcc\m4\port_c.c -o .\CortexM4\ARM_GCC_541\Debug\port_c.o
arm-none-eabi-gcc.exe -mcpu=cortex-m4 -mfloat-abi=softfp -mfpu=fpv4-sp-d16 -mthumb -I..\aos-v1.2.0\include -I..\aos-v1.2.0\kernel\rhino\core\include -I..\aos-v1.2.0\board\cy8ckit-062 -I..\aos-v1.2.0\platform\arch\arm\armv7m\gcc\m4 -I..\aos-v1.2.0\platform\mcu\cy8c6347\hal -I..\aos-v1.2.0\kernel\vcall\aos -I. -IGenerated_Source\PSoC6 -IGenerated_Source\PSoC6\pdl\cmsis/include/ -IGenerated_Source\PSoC6\pdl\devices/psoc6/ip/ -IGenerated_Source\PSoC6\pdl\devices/psoc6/psoc63/include/ -IGenerated_Source\PSoC6\pdl\drivers/peripheral/ -IGenerated_Source\PSoC6\pdl\middleware/ -Wa,-alh=.\CortexM4\ARM_GCC_541\Debug/trace_impl.lst -g -D DEBUG -D CY_CORE_ID=0 -D CONFIG_NO_TCPIP -D "SYSINFO_KERNEL_VERSION=\"AOS-R-1.2.0\"" -D CY_PSOC_CREATOR_USED=1 -D CY8C6347BZI_BLD53 -Wall -ffunction-sections -ffat-lto-objects -Og -c ..\aos-v1.2.0\platform\mcu\cy8c6347\aos\trace_impl.c -o .\CortexM4\ARM_GCC_541\Debug\trace_impl.o
arm-none-eabi-gcc.exe -mcpu=cortex-m4 -mfloat-abi=softfp -mfpu=fpv4-sp-d16 -mthumb -I..\aos-v1.2.0\include -I..\aos-v1.2.0\kernel\rhino\core\include -I..\aos-v1.2.0\board\cy8ckit-062 -I..\aos-v1.2.0\platform\arch\arm\armv7m\gcc\m4 -I..\aos-v1.2.0\platform\mcu\cy8c6347\hal -I..\aos-v1.2.0\kernel\vcall\aos -I. -IGenerated_Source\PSoC6 -IGenerated_Source\PSoC6\pdl\cmsis/include/ -IGenerated_Source\PSoC6\pdl\devices/psoc6/ip/ -IGenerated_Source\PSoC6\pdl\devices/psoc6/psoc63/include/ -IGenerated_Source\PSoC6\pdl\drivers/peripheral/ -IGenerated_Source\PSoC6\pdl\middleware/ -Wa,-alh=.\CortexM4\ARM_GCC_541\Debug/soc_impl.lst -g -D DEBUG -D CY_CORE_ID=0 -D CONFIG_NO_TCPIP -D "SYSINFO_KERNEL_VERSION=\"AOS-R-1.2.0\"" -D CY_PSOC_CREATOR_USED=1 -D CY8C6347BZI_BLD53 -Wall -ffunction-sections -ffat-lto-objects -Og -c ..\aos-v1.2.0\platform\mcu\cy8c6347\aos\soc_impl.c -o .\CortexM4\ARM_GCC_541\Debug\soc_impl.o
..\aos-v1.2.0\platform\mcu\cy8c6347\aos\soc_impl.c: In function 'soc_print_stack':
..\aos-v1.2.0\platform\mcu\cy8c6347\aos\soc_impl.c:115:20: warning: format '%x' expects argument of type 'unsigned int', but argument 2 has type 'long unsigned int' [-Wformat=]
             printf("\r\n%08x:",(uint32_t)p);
                    ^
..\aos-v1.2.0\platform\mcu\cy8c6347\aos\soc_impl.c:115:20: warning: format '%x' expects argument of type 'unsigned int', but argument 2 has type 'long unsigned int' [-Wformat=]
arm-none-eabi-gcc.exe -mcpu=cortex-m4 -mfloat-abi=softfp -mfpu=fpv4-sp-d16 -mthumb -I..\aos-v1.2.0\include -I..\aos-v1.2.0\kernel\rhino\core\include -I..\aos-v1.2.0\board\cy8ckit-062 -I..\aos-v1.2.0\platform\arch\arm\armv7m\gcc\m4 -I..\aos-v1.2.0\platform\mcu\cy8c6347\hal -I..\aos-v1.2.0\kernel\vcall\aos -I. -IGenerated_Source\PSoC6 -IGenerated_Source\PSoC6\pdl\cmsis/include/ -IGenerated_Source\PSoC6\pdl\devices/psoc6/ip/ -IGenerated_Source\PSoC6\pdl\devices/psoc6/psoc63/include/ -IGenerated_Source\PSoC6\pdl\drivers/peripheral/ -IGenerated_Source\PSoC6\pdl\middleware/ -Wa,-alh=.\CortexM4\ARM_GCC_541\Debug/uart_port.lst -g -D DEBUG -D CY_CORE_ID=0 -D CONFIG_NO_TCPIP -D "SYSINFO_KERNEL_VERSION=\"AOS-R-1.2.0\"" -D CY_PSOC_CREATOR_USED=1 -D CY8C6347BZI_BLD53 -Wall -ffunction-sections -ffat-lto-objects -Og -c ..\aos-v1.2.0\platform\mcu\cy8c6347\hal\uart_port.c -o .\CortexM4\ARM_GCC_541\Debug\uart_port.o
In file included from ..\aos-v1.2.0\kernel\rhino\core\include/k_api.h:20:0,
                 from ..\aos-v1.2.0\platform\mcu\cy8c6347\hal\uart_port.c:10:
..\aos-v1.2.0\platform\mcu\cy8c6347\hal\uart_port.c: In function 'hal_uart_send':
..\aos-v1.2.0\kernel\rhino\core\include/k_sys.h:18:28: warning: large integer implicitly truncated to unsigned type [-Woverflow]
 #define RHINO_WAIT_FOREVER ((uint64_t)-1)
                            ^
..\aos-v1.2.0\platform\mcu\cy8c6347\hal\uart_port.c:180:37: note: in expansion of macro 'RHINO_WAIT_FOREVER'
         aos_sem_wait(&scb1_tx_sema, RHINO_WAIT_FOREVER); 
                                     ^
..\aos-v1.2.0\platform\mcu\cy8c6347\hal\uart_port.c:174:29: warning: variable 'status' set but not used [-Wunused-but-set-variable]
     cy_en_scb_uart_status_t status;
                             ^
arm-none-eabi-gcc.exe -mcpu=cortex-m4 -mfloat-abi=softfp -mfpu=fpv4-sp-d16 -mthumb -I..\aos-v1.2.0\include -I..\aos-v1.2.0\kernel\rhino\core\include -I..\aos-v1.2.0\board\cy8ckit-062 -I..\aos-v1.2.0\platform\arch\arm\armv7m\gcc\m4 -I..\aos-v1.2.0\platform\mcu\cy8c6347\hal -I..\aos-v1.2.0\kernel\vcall\aos -I. -IGenerated_Source\PSoC6 -IGenerated_Source\PSoC6\pdl\cmsis/include/ -IGenerated_Source\PSoC6\pdl\devices/psoc6/ip/ -IGenerated_Source\PSoC6\pdl\devices/psoc6/psoc63/include/ -IGenerated_Source\PSoC6\pdl\drivers/peripheral/ -IGenerated_Source\PSoC6\pdl\middleware/ -Wa,-alh=.\CortexM4\ARM_GCC_541\Debug/aos_rhino.lst -g -D DEBUG -D CY_CORE_ID=0 -D CONFIG_NO_TCPIP -D "SYSINFO_KERNEL_VERSION=\"AOS-R-1.2.0\"" -D CY_PSOC_CREATOR_USED=1 -D CY8C6347BZI_BLD53 -Wall -ffunction-sections -ffat-lto-objects -Og -c ..\aos-v1.2.0\kernel\vcall\aos\aos_rhino.c -o .\CortexM4\ARM_GCC_541\Debug\aos_rhino.o
..\aos-v1.2.0\kernel\vcall\aos\aos_rhino.c: In function 'aos_event_get':
..\aos-v1.2.0\kernel\vcall\aos\aos_rhino.c:363:56: warning: passing argument 4 of 'krhino_event_get' from incompatible pointer type [-Wincompatible-pointer-types]
         ret = krhino_event_get(event->hdl, flags, opt, actl_flags, RHINO_WAIT_FOREVER);
                                                        ^
In file included from ..\aos-v1.2.0\kernel\rhino\core\include/k_api.h:34:0,
                 from ..\aos-v1.2.0\kernel\vcall\aos\aos_rhino.c:5:
..\aos-v1.2.0\kernel\rhino\core\include/k_event.h:71:9: note: expected 'uint32_t * {aka long unsigned int *}' but argument is of type 'unsigned int *'
 kstat_t krhino_event_get(kevent_t *event, uint32_t flags, uint8_t opt,
         ^
..\aos-v1.2.0\kernel\vcall\aos\aos_rhino.c:365:56: warning: passing argument 4 of 'krhino_event_get' from incompatible pointer type [-Wincompatible-pointer-types]
         ret = krhino_event_get(event->hdl, flags, opt, actl_flags, MS2TICK(timeout));
                                                        ^
In file included from ..\aos-v1.2.0\kernel\rhino\core\include/k_api.h:34:0,
                 from ..\aos-v1.2.0\kernel\vcall\aos\aos_rhino.c:5:
..\aos-v1.2.0\kernel\rhino\core\include/k_event.h:71:9: note: expected 'uint32_t * {aka long unsigned int *}' but argument is of type 'unsigned int *'
 kstat_t krhino_event_get(kevent_t *event, uint32_t flags, uint8_t opt,
         ^
arm-none-eabi-gcc.exe -mcpu=cortex-m4 -mfloat-abi=softfp -mfpu=fpv4-sp-d16 -mthumb -I..\aos-v1.2.0\include -I..\aos-v1.2.0\kernel\rhino\core\include -I..\aos-v1.2.0\board\cy8ckit-062 -I..\aos-v1.2.0\platform\arch\arm\armv7m\gcc\m4 -I..\aos-v1.2.0\platform\mcu\cy8c6347\hal -I..\aos-v1.2.0\kernel\vcall\aos -I. -IGenerated_Source\PSoC6 -IGenerated_Source\PSoC6\pdl\cmsis/include/ -IGenerated_Source\PSoC6\pdl\devices/psoc6/ip/ -IGenerated_Source\PSoC6\pdl\devices/psoc6/psoc63/include/ -IGenerated_Source\PSoC6\pdl\drivers/peripheral/ -IGenerated_Source\PSoC6\pdl\middleware/ -Wa,-alh=.\CortexM4\ARM_GCC_541\Debug/system_psoc63_cm4.lst -g -D DEBUG -D CY_CORE_ID=0 -D CONFIG_NO_TCPIP -D "SYSINFO_KERNEL_VERSION=\"AOS-R-1.2.0\"" -D CY_PSOC_CREATOR_USED=1 -D CY8C6347BZI_BLD53 -Wall -ffunction-sections -ffat-lto-objects -Og -c system_psoc63_cm4.c -o .\CortexM4\ARM_GCC_541\Debug\system_psoc63_cm4.o
arm-none-eabi-gcc.exe -mcpu=cortex-m4 -mfloat-abi=softfp -mfpu=fpv4-sp-d16 -mthumb -I..\aos-v1.2.0\include -I..\aos-v1.2.0\kernel\rhino\core\include -I..\aos-v1.2.0\board\cy8ckit-062 -I..\aos-v1.2.0\platform\arch\arm\armv7m\gcc\m4 -I..\aos-v1.2.0\platform\mcu\cy8c6347\hal -I..\aos-v1.2.0\kernel\vcall\aos -I. -IGenerated_Source\PSoC6 -IGenerated_Source\PSoC6\pdl\cmsis/include/ -IGenerated_Source\PSoC6\pdl\devices/psoc6/ip/ -IGenerated_Source\PSoC6\pdl\devices/psoc6/psoc63/include/ -IGenerated_Source\PSoC6\pdl\drivers/peripheral/ -IGenerated_Source\PSoC6\pdl\middleware/ -Wa,-alh=.\CortexM4\ARM_GCC_541\Debug/rhinorun_p6.lst -g -D DEBUG -D CY_CORE_ID=0 -D CONFIG_NO_TCPIP -D "SYSINFO_KERNEL_VERSION=\"AOS-R-1.2.0\"" -D CY_PSOC_CREATOR_USED=1 -D CY8C6347BZI_BLD53 -Wall -ffunction-sections -ffat-lto-objects -Og -c ..\aos-v1.2.0\example\rhinorun\rhinorun_p6.c -o .\CortexM4\ARM_GCC_541\Debug\rhinorun_p6.o
arm-none-eabi-gcc.exe -mcpu=cortex-m4 -mfloat-abi=softfp -mfpu=fpv4-sp-d16 -mthumb -I..\aos-v1.2.0\include -I..\aos-v1.2.0\kernel\rhino\core\include -I..\aos-v1.2.0\board\cy8ckit-062 -I..\aos-v1.2.0\platform\arch\arm\armv7m\gcc\m4 -I..\aos-v1.2.0\platform\mcu\cy8c6347\hal -I..\aos-v1.2.0\kernel\vcall\aos -I. -IGenerated_Source\PSoC6 -IGenerated_Source\PSoC6\pdl\cmsis/include/ -IGenerated_Source\PSoC6\pdl\devices/psoc6/ip/ -IGenerated_Source\PSoC6\pdl\devices/psoc6/psoc63/include/ -IGenerated_Source\PSoC6\pdl\drivers/peripheral/ -IGenerated_Source\PSoC6\pdl\middleware/ -Wa,-alh=.\CortexM4\ARM_GCC_541\Debug/cy_ipc_config.lst -g -D DEBUG -D CY_CORE_ID=0 -D CONFIG_NO_TCPIP -D "SYSINFO_KERNEL_VERSION=\"AOS-R-1.2.0\"" -D CY_PSOC_CREATOR_USED=1 -D CY8C6347BZI_BLD53 -Wall -ffunction-sections -ffat-lto-objects -Og -c cy_ipc_config.c -o .\CortexM4\ARM_GCC_541\Debug\cy_ipc_config.o
arm-none-eabi-gcc.exe -mcpu=cortex-m4 -mfloat-abi=softfp -mfpu=fpv4-sp-d16 -mthumb -I..\aos-v1.2.0\include -I..\aos-v1.2.0\kernel\rhino\core\include -I..\aos-v1.2.0\board\cy8ckit-062 -I..\aos-v1.2.0\platform\arch\arm\armv7m\gcc\m4 -I..\aos-v1.2.0\platform\mcu\cy8c6347\hal -I..\aos-v1.2.0\kernel\vcall\aos -I. -IGenerated_Source\PSoC6 -IGenerated_Source\PSoC6\pdl\cmsis/include/ -IGenerated_Source\PSoC6\pdl\devices/psoc6/ip/ -IGenerated_Source\PSoC6\pdl\devices/psoc6/psoc63/include/ -IGenerated_Source\PSoC6\pdl\drivers/peripheral/ -IGenerated_Source\PSoC6\pdl\middleware/ -Wa,-alh=.\CortexM4\ARM_GCC_541\Debug/cyfitter_sysint_cfg.lst -g -D DEBUG -D CY_CORE_ID=0 -D CONFIG_NO_TCPIP -D "SYSINFO_KERNEL_VERSION=\"AOS-R-1.2.0\"" -D CY_PSOC_CREATOR_USED=1 -D CY8C6347BZI_BLD53 -Wall -ffunction-sections -ffat-lto-objects -Og -c Generated_Source\PSoC6\cyfitter_sysint_cfg.c -o .\CortexM4\ARM_GCC_541\Debug\cyfitter_sysint_cfg.o
arm-none-eabi-gcc.exe -mcpu=cortex-m4 -mfloat-abi=softfp -mfpu=fpv4-sp-d16 -mthumb -I..\aos-v1.2.0\include -I..\aos-v1.2.0\kernel\rhino\core\include -I..\aos-v1.2.0\board\cy8ckit-062 -I..\aos-v1.2.0\platform\arch\arm\armv7m\gcc\m4 -I..\aos-v1.2.0\platform\mcu\cy8c6347\hal -I..\aos-v1.2.0\kernel\vcall\aos -I. -IGenerated_Source\PSoC6 -IGenerated_Source\PSoC6\pdl\cmsis/include/ -IGenerated_Source\PSoC6\pdl\devices/psoc6/ip/ -IGenerated_Source\PSoC6\pdl\devices/psoc6/psoc63/include/ -IGenerated_Source\PSoC6\pdl\drivers/peripheral/ -IGenerated_Source\PSoC6\pdl\middleware/ -Wa,-alh=.\CortexM4\ARM_GCC_541\Debug/cymetadata.lst -g -D DEBUG -D CY_CORE_ID=0 -D CONFIG_NO_TCPIP -D "SYSINFO_KERNEL_VERSION=\"AOS-R-1.2.0\"" -D CY_PSOC_CREATOR_USED=1 -D CY8C6347BZI_BLD53 -Wall -ffunction-sections -ffat-lto-objects -Og -c Generated_Source\PSoC6\cymetadata.c -o .\CortexM4\ARM_GCC_541\Debug\cymetadata.o
arm-none-eabi-gcc.exe -mcpu=cortex-m4 -mfloat-abi=softfp -mfpu=fpv4-sp-d16 -mthumb -I..\aos-v1.2.0\include -I..\aos-v1.2.0\kernel\rhino\core\include -I..\aos-v1.2.0\board\cy8ckit-062 -I..\aos-v1.2.0\platform\arch\arm\armv7m\gcc\m4 -I..\aos-v1.2.0\platform\mcu\cy8c6347\hal -I..\aos-v1.2.0\kernel\vcall\aos -I. -IGenerated_Source\PSoC6 -IGenerated_Source\PSoC6\pdl\cmsis/include/ -IGenerated_Source\PSoC6\pdl\devices/psoc6/ip/ -IGenerated_Source\PSoC6\pdl\devices/psoc6/psoc63/include/ -IGenerated_Source\PSoC6\pdl\drivers/peripheral/ -IGenerated_Source\PSoC6\pdl\middleware/ -Wa,-alh=.\CortexM4\ARM_GCC_541\Debug/cy_sysint.lst -g -D DEBUG -D CY_CORE_ID=0 -D CONFIG_NO_TCPIP -D "SYSINFO_KERNEL_VERSION=\"AOS-R-1.2.0\"" -D CY_PSOC_CREATOR_USED=1 -D CY8C6347BZI_BLD53 -Wall -ffunction-sections -ffat-lto-objects -Og -c Generated_Source\PSoC6\pdl\drivers\peripheral\sysint\cy_sysint.c -o .\CortexM4\ARM_GCC_541\Debug\cy_sysint.o
arm-none-eabi-gcc.exe -mcpu=cortex-m4 -mfloat-abi=softfp -mfpu=fpv4-sp-d16 -mthumb -I..\aos-v1.2.0\include -I..\aos-v1.2.0\kernel\rhino\core\include -I..\aos-v1.2.0\board\cy8ckit-062 -I..\aos-v1.2.0\platform\arch\arm\armv7m\gcc\m4 -I..\aos-v1.2.0\platform\mcu\cy8c6347\hal -I..\aos-v1.2.0\kernel\vcall\aos -I. -IGenerated_Source\PSoC6 -IGenerated_Source\PSoC6\pdl\cmsis/include/ -IGenerated_Source\PSoC6\pdl\devices/psoc6/ip/ -IGenerated_Source\PSoC6\pdl\devices/psoc6/psoc63/include/ -IGenerated_Source\PSoC6\pdl\drivers/peripheral/ -IGenerated_Source\PSoC6\pdl\middleware/ -Wa,-alh=.\CortexM4\ARM_GCC_541\Debug/cy_ipc_drv.lst -g -D DEBUG -D CY_CORE_ID=0 -D CONFIG_NO_TCPIP -D "SYSINFO_KERNEL_VERSION=\"AOS-R-1.2.0\"" -D CY_PSOC_CREATOR_USED=1 -D CY8C6347BZI_BLD53 -Wall -ffunction-sections -ffat-lto-objects -Og -c Generated_Source\PSoC6\pdl\drivers\peripheral\ipc\cy_ipc_drv.c -o .\CortexM4\ARM_GCC_541\Debug\cy_ipc_drv.o
arm-none-eabi-gcc.exe -mcpu=cortex-m4 -mfloat-abi=softfp -mfpu=fpv4-sp-d16 -mthumb -I..\aos-v1.2.0\include -I..\aos-v1.2.0\kernel\rhino\core\include -I..\aos-v1.2.0\board\cy8ckit-062 -I..\aos-v1.2.0\platform\arch\arm\armv7m\gcc\m4 -I..\aos-v1.2.0\platform\mcu\cy8c6347\hal -I..\aos-v1.2.0\kernel\vcall\aos -I. -IGenerated_Source\PSoC6 -IGenerated_Source\PSoC6\pdl\cmsis/include/ -IGenerated_Source\PSoC6\pdl\devices/psoc6/ip/ -IGenerated_Source\PSoC6\pdl\devices/psoc6/psoc63/include/ -IGenerated_Source\PSoC6\pdl\drivers/peripheral/ -IGenerated_Source\PSoC6\pdl\middleware/ -Wa,-alh=.\CortexM4\ARM_GCC_541\Debug/cy_ipc_sema.lst -g -D DEBUG -D CY_CORE_ID=0 -D CONFIG_NO_TCPIP -D "SYSINFO_KERNEL_VERSION=\"AOS-R-1.2.0\"" -D CY_PSOC_CREATOR_USED=1 -D CY8C6347BZI_BLD53 -Wall -ffunction-sections -ffat-lto-objects -Og -c Generated_Source\PSoC6\pdl\drivers\peripheral\ipc\cy_ipc_sema.c -o .\CortexM4\ARM_GCC_541\Debug\cy_ipc_sema.o
arm-none-eabi-gcc.exe -mcpu=cortex-m4 -mfloat-abi=softfp -mfpu=fpv4-sp-d16 -mthumb -I..\aos-v1.2.0\include -I..\aos-v1.2.0\kernel\rhino\core\include -I..\aos-v1.2.0\board\cy8ckit-062 -I..\aos-v1.2.0\platform\arch\arm\armv7m\gcc\m4 -I..\aos-v1.2.0\platform\mcu\cy8c6347\hal -I..\aos-v1.2.0\kernel\vcall\aos -I. -IGenerated_Source\PSoC6 -IGenerated_Source\PSoC6\pdl\cmsis/include/ -IGenerated_Source\PSoC6\pdl\devices/psoc6/ip/ -IGenerated_Source\PSoC6\pdl\devices/psoc6/psoc63/include/ -IGenerated_Source\PSoC6\pdl\drivers/peripheral/ -IGenerated_Source\PSoC6\pdl\middleware/ -Wa,-alh=.\CortexM4\ARM_GCC_541\Debug/cy_ipc_pipe.lst -g -D DEBUG -D CY_CORE_ID=0 -D CONFIG_NO_TCPIP -D "SYSINFO_KERNEL_VERSION=\"AOS-R-1.2.0\"" -D CY_PSOC_CREATOR_USED=1 -D CY8C6347BZI_BLD53 -Wall -ffunction-sections -ffat-lto-objects -Og -c Generated_Source\PSoC6\pdl\drivers\peripheral\ipc\cy_ipc_pipe.c -o .\CortexM4\ARM_GCC_541\Debug\cy_ipc_pipe.o
arm-none-eabi-gcc.exe -mcpu=cortex-m4 -mfloat-abi=softfp -mfpu=fpv4-sp-d16 -mthumb -I..\aos-v1.2.0\include -I..\aos-v1.2.0\kernel\rhino\core\include -I..\aos-v1.2.0\board\cy8ckit-062 -I..\aos-v1.2.0\platform\arch\arm\armv7m\gcc\m4 -I..\aos-v1.2.0\platform\mcu\cy8c6347\hal -I..\aos-v1.2.0\kernel\vcall\aos -I. -IGenerated_Source\PSoC6 -IGenerated_Source\PSoC6\pdl\cmsis/include/ -IGenerated_Source\PSoC6\pdl\devices/psoc6/ip/ -IGenerated_Source\PSoC6\pdl\devices/psoc6/psoc63/include/ -IGenerated_Source\PSoC6\pdl\drivers/peripheral/ -IGenerated_Source\PSoC6\pdl\middleware/ -Wa,-alh=.\CortexM4\ARM_GCC_541\Debug/cy_sysclk.lst -g -D DEBUG -D CY_CORE_ID=0 -D CONFIG_NO_TCPIP -D "SYSINFO_KERNEL_VERSION=\"AOS-R-1.2.0\"" -D CY_PSOC_CREATOR_USED=1 -D CY8C6347BZI_BLD53 -Wall -ffunction-sections -ffat-lto-objects -Og -c Generated_Source\PSoC6\pdl\drivers\peripheral\sysclk\cy_sysclk.c -o .\CortexM4\ARM_GCC_541\Debug\cy_sysclk.o
arm-none-eabi-gcc.exe -mcpu=cortex-m4 -mfloat-abi=softfp -mfpu=fpv4-sp-d16 -mthumb -I..\aos-v1.2.0\include -I..\aos-v1.2.0\kernel\rhino\core\include -I..\aos-v1.2.0\board\cy8ckit-062 -I..\aos-v1.2.0\platform\arch\arm\armv7m\gcc\m4 -I..\aos-v1.2.0\platform\mcu\cy8c6347\hal -I..\aos-v1.2.0\kernel\vcall\aos -I. -IGenerated_Source\PSoC6 -IGenerated_Source\PSoC6\pdl\cmsis/include/ -IGenerated_Source\PSoC6\pdl\devices/psoc6/ip/ -IGenerated_Source\PSoC6\pdl\devices/psoc6/psoc63/include/ -IGenerated_Source\PSoC6\pdl\drivers/peripheral/ -IGenerated_Source\PSoC6\pdl\middleware/ -Wa,-alh=.\CortexM4\ARM_GCC_541\Debug/cy_wdt.lst -g -D DEBUG -D CY_CORE_ID=0 -D CONFIG_NO_TCPIP -D "SYSINFO_KERNEL_VERSION=\"AOS-R-1.2.0\"" -D CY_PSOC_CREATOR_USED=1 -D CY8C6347BZI_BLD53 -Wall -ffunction-sections -ffat-lto-objects -Og -c Generated_Source\PSoC6\pdl\drivers\peripheral\wdt\cy_wdt.c -o .\CortexM4\ARM_GCC_541\Debug\cy_wdt.o
arm-none-eabi-gcc.exe -mcpu=cortex-m4 -mfloat-abi=softfp -mfpu=fpv4-sp-d16 -mthumb -I..\aos-v1.2.0\include -I..\aos-v1.2.0\kernel\rhino\core\include -I..\aos-v1.2.0\board\cy8ckit-062 -I..\aos-v1.2.0\platform\arch\arm\armv7m\gcc\m4 -I..\aos-v1.2.0\platform\mcu\cy8c6347\hal -I..\aos-v1.2.0\kernel\vcall\aos -I. -IGenerated_Source\PSoC6 -IGenerated_Source\PSoC6\pdl\cmsis/include/ -IGenerated_Source\PSoC6\pdl\devices/psoc6/ip/ -IGenerated_Source\PSoC6\pdl\devices/psoc6/psoc63/include/ -IGenerated_Source\PSoC6\pdl\drivers/peripheral/ -IGenerated_Source\PSoC6\pdl\middleware/ -Wa,-alh=.\CortexM4\ARM_GCC_541\Debug/cy_efuse.lst -g -D DEBUG -D CY_CORE_ID=0 -D CONFIG_NO_TCPIP -D "SYSINFO_KERNEL_VERSION=\"AOS-R-1.2.0\"" -D CY_PSOC_CREATOR_USED=1 -D CY8C6347BZI_BLD53 -Wall -ffunction-sections -ffat-lto-objects -Og -c Generated_Source\PSoC6\pdl\drivers\peripheral\efuse\cy_efuse.c -o .\CortexM4\ARM_GCC_541\Debug\cy_efuse.o
arm-none-eabi-gcc.exe -mcpu=cortex-m4 -mfloat-abi=softfp -mfpu=fpv4-sp-d16 -mthumb -I..\aos-v1.2.0\include -I..\aos-v1.2.0\kernel\rhino\core\include -I..\aos-v1.2.0\board\cy8ckit-062 -I..\aos-v1.2.0\platform\arch\arm\armv7m\gcc\m4 -I..\aos-v1.2.0\platform\mcu\cy8c6347\hal -I..\aos-v1.2.0\kernel\vcall\aos -I. -IGenerated_Source\PSoC6 -IGenerated_Source\PSoC6\pdl\cmsis/include/ -IGenerated_Source\PSoC6\pdl\devices/psoc6/ip/ -IGenerated_Source\PSoC6\pdl\devices/psoc6/psoc63/include/ -IGenerated_Source\PSoC6\pdl\drivers/peripheral/ -IGenerated_Source\PSoC6\pdl\middleware/ -Wa,-alh=.\CortexM4\ARM_GCC_541\Debug/cy_flash.lst -g -D DEBUG -D CY_CORE_ID=0 -D CONFIG_NO_TCPIP -D "SYSINFO_KERNEL_VERSION=\"AOS-R-1.2.0\"" -D CY_PSOC_CREATOR_USED=1 -D CY8C6347BZI_BLD53 -Wall -ffunction-sections -ffat-lto-objects -Og -c Generated_Source\PSoC6\pdl\drivers\peripheral\flash\cy_flash.c -o .\CortexM4\ARM_GCC_541\Debug\cy_flash.o
arm-none-eabi-gcc.exe -mcpu=cortex-m4 -mfloat-abi=softfp -mfpu=fpv4-sp-d16 -mthumb -I..\aos-v1.2.0\include -I..\aos-v1.2.0\kernel\rhino\core\include -I..\aos-v1.2.0\board\cy8ckit-062 -I..\aos-v1.2.0\platform\arch\arm\armv7m\gcc\m4 -I..\aos-v1.2.0\platform\mcu\cy8c6347\hal -I..\aos-v1.2.0\kernel\vcall\aos -I. -IGenerated_Source\PSoC6 -IGenerated_Source\PSoC6\pdl\cmsis/include/ -IGenerated_Source\PSoC6\pdl\devices/psoc6/ip/ -IGenerated_Source\PSoC6\pdl\devices/psoc6/psoc63/include/ -IGenerated_Source\PSoC6\pdl\drivers/peripheral/ -IGenerated_Source\PSoC6\pdl\middleware/ -Wa,-alh=.\CortexM4\ARM_GCC_541\Debug/cy_gpio.lst -g -D DEBUG -D CY_CORE_ID=0 -D CONFIG_NO_TCPIP -D "SYSINFO_KERNEL_VERSION=\"AOS-R-1.2.0\"" -D CY_PSOC_CREATOR_USED=1 -D CY8C6347BZI_BLD53 -Wall -ffunction-sections -ffat-lto-objects -Og -c Generated_Source\PSoC6\pdl\drivers\peripheral\gpio\cy_gpio.c -o .\CortexM4\ARM_GCC_541\Debug\cy_gpio.o
arm-none-eabi-gcc.exe -mcpu=cortex-m4 -mfloat-abi=softfp -mfpu=fpv4-sp-d16 -mthumb -I..\aos-v1.2.0\include -I..\aos-v1.2.0\kernel\rhino\core\include -I..\aos-v1.2.0\board\cy8ckit-062 -I..\aos-v1.2.0\platform\arch\arm\armv7m\gcc\m4 -I..\aos-v1.2.0\platform\mcu\cy8c6347\hal -I..\aos-v1.2.0\kernel\vcall\aos -I. -IGenerated_Source\PSoC6 -IGenerated_Source\PSoC6\pdl\cmsis/include/ -IGenerated_Source\PSoC6\pdl\devices/psoc6/ip/ -IGenerated_Source\PSoC6\pdl\devices/psoc6/psoc63/include/ -IGenerated_Source\PSoC6\pdl\drivers/peripheral/ -IGenerated_Source\PSoC6\pdl\middleware/ -Wa,-alh=.\CortexM4\ARM_GCC_541\Debug/cy_sysanalog.lst -g -D DEBUG -D CY_CORE_ID=0 -D CONFIG_NO_TCPIP -D "SYSINFO_KERNEL_VERSION=\"AOS-R-1.2.0\"" -D CY_PSOC_CREATOR_USED=1 -D CY8C6347BZI_BLD53 -Wall -ffunction-sections -ffat-lto-objects -Og -c Generated_Source\PSoC6\pdl\drivers\peripheral\sysanalog\cy_sysanalog.c -o .\CortexM4\ARM_GCC_541\Debug\cy_sysanalog.o
arm-none-eabi-gcc.exe -mcpu=cortex-m4 -mfloat-abi=softfp -mfpu=fpv4-sp-d16 -mthumb -I..\aos-v1.2.0\include -I..\aos-v1.2.0\kernel\rhino\core\include -I..\aos-v1.2.0\board\cy8ckit-062 -I..\aos-v1.2.0\platform\arch\arm\armv7m\gcc\m4 -I..\aos-v1.2.0\platform\mcu\cy8c6347\hal -I..\aos-v1.2.0\kernel\vcall\aos -I. -IGenerated_Source\PSoC6 -IGenerated_Source\PSoC6\pdl\cmsis/include/ -IGenerated_Source\PSoC6\pdl\devices/psoc6/ip/ -IGenerated_Source\PSoC6\pdl\devices/psoc6/psoc63/include/ -IGenerated_Source\PSoC6\pdl\drivers/peripheral/ -IGenerated_Source\PSoC6\pdl\middleware/ -Wa,-alh=.\CortexM4\ARM_GCC_541\Debug/cy_syspm.lst -g -D DEBUG -D CY_CORE_ID=0 -D CONFIG_NO_TCPIP -D "SYSINFO_KERNEL_VERSION=\"AOS-R-1.2.0\"" -D CY_PSOC_CREATOR_USED=1 -D CY8C6347BZI_BLD53 -Wall -ffunction-sections -ffat-lto-objects -Og -c Generated_Source\PSoC6\pdl\drivers\peripheral\syspm\cy_syspm.c -o .\CortexM4\ARM_GCC_541\Debug\cy_syspm.o
arm-none-eabi-gcc.exe -mcpu=cortex-m4 -mfloat-abi=softfp -mfpu=fpv4-sp-d16 -mthumb -I..\aos-v1.2.0\include -I..\aos-v1.2.0\kernel\rhino\core\include -I..\aos-v1.2.0\board\cy8ckit-062 -I..\aos-v1.2.0\platform\arch\arm\armv7m\gcc\m4 -I..\aos-v1.2.0\platform\mcu\cy8c6347\hal -I..\aos-v1.2.0\kernel\vcall\aos -I. -IGenerated_Source\PSoC6 -IGenerated_Source\PSoC6\pdl\cmsis/include/ -IGenerated_Source\PSoC6\pdl\devices/psoc6/ip/ -IGenerated_Source\PSoC6\pdl\devices/psoc6/psoc63/include/ -IGenerated_Source\PSoC6\pdl\drivers/peripheral/ -IGenerated_Source\PSoC6\pdl\middleware/ -Wa,-alh=.\CortexM4\ARM_GCC_541\Debug/cy_syslib.lst -g -D DEBUG -D CY_CORE_ID=0 -D CONFIG_NO_TCPIP -D "SYSINFO_KERNEL_VERSION=\"AOS-R-1.2.0\"" -D CY_PSOC_CREATOR_USED=1 -D CY8C6347BZI_BLD53 -Wall -ffunction-sections -ffat-lto-objects -Og -c Generated_Source\PSoC6\pdl\drivers\peripheral\syslib\cy_syslib.c -o .\CortexM4\ARM_GCC_541\Debug\cy_syslib.o
arm-none-eabi-gcc.exe -mcpu=cortex-m4 -mfloat-abi=softfp -mfpu=fpv4-sp-d16 -mthumb -I..\aos-v1.2.0\include -I..\aos-v1.2.0\kernel\rhino\core\include -I..\aos-v1.2.0\board\cy8ckit-062 -I..\aos-v1.2.0\platform\arch\arm\armv7m\gcc\m4 -I..\aos-v1.2.0\platform\mcu\cy8c6347\hal -I..\aos-v1.2.0\kernel\vcall\aos -I. -IGenerated_Source\PSoC6 -IGenerated_Source\PSoC6\pdl\cmsis/include/ -IGenerated_Source\PSoC6\pdl\devices/psoc6/ip/ -IGenerated_Source\PSoC6\pdl\devices/psoc6/psoc63/include/ -IGenerated_Source\PSoC6\pdl\drivers/peripheral/ -IGenerated_Source\PSoC6\pdl\middleware/ -Wa,-alh=.\CortexM4\ARM_GCC_541\Debug/cy_syslib_gcc.lst -g -D DEBUG -D CY_CORE_ID=0 -D CONFIG_NO_TCPIP -D "SYSINFO_KERNEL_VERSION=\"AOS-R-1.2.0\"" -D CY_PSOC_CREATOR_USED=1 -D CY8C6347BZI_BLD53 -Wall -ffunction-sections -ffat-lto-objects -Og -c Generated_Source\PSoC6\pdl\drivers\peripheral\syslib\gcc\cy_syslib_gcc.S -o .\CortexM4\ARM_GCC_541\Debug\cy_syslib_gcc.o
arm-none-eabi-gcc.exe -mcpu=cortex-m4 -mfloat-abi=softfp -mfpu=fpv4-sp-d16 -mthumb -I..\aos-v1.2.0\include -I..\aos-v1.2.0\kernel\rhino\core\include -I..\aos-v1.2.0\board\cy8ckit-062 -I..\aos-v1.2.0\platform\arch\arm\armv7m\gcc\m4 -I..\aos-v1.2.0\platform\mcu\cy8c6347\hal -I..\aos-v1.2.0\kernel\vcall\aos -I. -IGenerated_Source\PSoC6 -IGenerated_Source\PSoC6\pdl\cmsis/include/ -IGenerated_Source\PSoC6\pdl\devices/psoc6/ip/ -IGenerated_Source\PSoC6\pdl\devices/psoc6/psoc63/include/ -IGenerated_Source\PSoC6\pdl\drivers/peripheral/ -IGenerated_Source\PSoC6\pdl\middleware/ -Wa,-alh=.\CortexM4\ARM_GCC_541\Debug/cy_trigmux.lst -g -D DEBUG -D CY_CORE_ID=0 -D CONFIG_NO_TCPIP -D "SYSINFO_KERNEL_VERSION=\"AOS-R-1.2.0\"" -D CY_PSOC_CREATOR_USED=1 -D CY8C6347BZI_BLD53 -Wall -ffunction-sections -ffat-lto-objects -Og -c Generated_Source\PSoC6\pdl\drivers\peripheral\trigmux\cy_trigmux.c -o .\CortexM4\ARM_GCC_541\Debug\cy_trigmux.o
arm-none-eabi-gcc.exe -mcpu=cortex-m4 -mfloat-abi=softfp -mfpu=fpv4-sp-d16 -mthumb -I..\aos-v1.2.0\include -I..\aos-v1.2.0\kernel\rhino\core\include -I..\aos-v1.2.0\board\cy8ckit-062 -I..\aos-v1.2.0\platform\arch\arm\armv7m\gcc\m4 -I..\aos-v1.2.0\platform\mcu\cy8c6347\hal -I..\aos-v1.2.0\kernel\vcall\aos -I. -IGenerated_Source\PSoC6 -IGenerated_Source\PSoC6\pdl\cmsis/include/ -IGenerated_Source\PSoC6\pdl\devices/psoc6/ip/ -IGenerated_Source\PSoC6\pdl\devices/psoc6/psoc63/include/ -IGenerated_Source\PSoC6\pdl\drivers/peripheral/ -IGenerated_Source\PSoC6\pdl\middleware/ -Wa,-alh=.\CortexM4\ARM_GCC_541\Debug/cy_systick.lst -g -D DEBUG -D CY_CORE_ID=0 -D CONFIG_NO_TCPIP -D "SYSINFO_KERNEL_VERSION=\"AOS-R-1.2.0\"" -D CY_PSOC_CREATOR_USED=1 -D CY8C6347BZI_BLD53 -Wall -ffunction-sections -ffat-lto-objects -Og -c Generated_Source\PSoC6\pdl\drivers\peripheral\systick\cy_systick.c -o .\CortexM4\ARM_GCC_541\Debug\cy_systick.o
arm-none-eabi-gcc.exe -mcpu=cortex-m4 -mfloat-abi=softfp -mfpu=fpv4-sp-d16 -mthumb -I..\aos-v1.2.0\include -I..\aos-v1.2.0\kernel\rhino\core\include -I..\aos-v1.2.0\board\cy8ckit-062 -I..\aos-v1.2.0\platform\arch\arm\armv7m\gcc\m4 -I..\aos-v1.2.0\platform\mcu\cy8c6347\hal -I..\aos-v1.2.0\kernel\vcall\aos -I. -IGenerated_Source\PSoC6 -IGenerated_Source\PSoC6\pdl\cmsis/include/ -IGenerated_Source\PSoC6\pdl\devices/psoc6/ip/ -IGenerated_Source\PSoC6\pdl\devices/psoc6/psoc63/include/ -IGenerated_Source\PSoC6\pdl\drivers/peripheral/ -IGenerated_Source\PSoC6\pdl\middleware/ -Wa,-alh=.\CortexM4\ARM_GCC_541\Debug/cy_profile.lst -g -D DEBUG -D CY_CORE_ID=0 -D CONFIG_NO_TCPIP -D "SYSINFO_KERNEL_VERSION=\"AOS-R-1.2.0\"" -D CY_PSOC_CREATOR_USED=1 -D CY8C6347BZI_BLD53 -Wall -ffunction-sections -ffat-lto-objects -Og -c Generated_Source\PSoC6\pdl\drivers\peripheral\profile\cy_profile.c -o .\CortexM4\ARM_GCC_541\Debug\cy_profile.o
arm-none-eabi-gcc.exe -mcpu=cortex-m4 -mfloat-abi=softfp -mfpu=fpv4-sp-d16 -mthumb -I..\aos-v1.2.0\include -I..\aos-v1.2.0\kernel\rhino\core\include -I..\aos-v1.2.0\board\cy8ckit-062 -I..\aos-v1.2.0\platform\arch\arm\armv7m\gcc\m4 -I..\aos-v1.2.0\platform\mcu\cy8c6347\hal -I..\aos-v1.2.0\kernel\vcall\aos -I. -IGenerated_Source\PSoC6 -IGenerated_Source\PSoC6\pdl\cmsis/include/ -IGenerated_Source\PSoC6\pdl\devices/psoc6/ip/ -IGenerated_Source\PSoC6\pdl\devices/psoc6/psoc63/include/ -IGenerated_Source\PSoC6\pdl\drivers/peripheral/ -IGenerated_Source\PSoC6\pdl\middleware/ -Wa,-alh=.\CortexM4\ARM_GCC_541\Debug/cy_prot.lst -g -D DEBUG -D CY_CORE_ID=0 -D CONFIG_NO_TCPIP -D "SYSINFO_KERNEL_VERSION=\"AOS-R-1.2.0\"" -D CY_PSOC_CREATOR_USED=1 -D CY8C6347BZI_BLD53 -Wall -ffunction-sections -ffat-lto-objects -Og -c Generated_Source\PSoC6\pdl\drivers\peripheral\prot\cy_prot.c -o .\CortexM4\ARM_GCC_541\Debug\cy_prot.o
arm-none-eabi-gcc.exe -mcpu=cortex-m4 -mfloat-abi=softfp -mfpu=fpv4-sp-d16 -mthumb -I..\aos-v1.2.0\include -I..\aos-v1.2.0\kernel\rhino\core\include -I..\aos-v1.2.0\board\cy8ckit-062 -I..\aos-v1.2.0\platform\arch\arm\armv7m\gcc\m4 -I..\aos-v1.2.0\platform\mcu\cy8c6347\hal -I..\aos-v1.2.0\kernel\vcall\aos -I. -IGenerated_Source\PSoC6 -IGenerated_Source\PSoC6\pdl\cmsis/include/ -IGenerated_Source\PSoC6\pdl\devices/psoc6/ip/ -IGenerated_Source\PSoC6\pdl\devices/psoc6/psoc63/include/ -IGenerated_Source\PSoC6\pdl\drivers/peripheral/ -IGenerated_Source\PSoC6\pdl\middleware/ -Wa,-alh=.\CortexM4\ARM_GCC_541\Debug/cy_lvd.lst -g -D DEBUG -D CY_CORE_ID=0 -D CONFIG_NO_TCPIP -D "SYSINFO_KERNEL_VERSION=\"AOS-R-1.2.0\"" -D CY_PSOC_CREATOR_USED=1 -D CY8C6347BZI_BLD53 -Wall -ffunction-sections -ffat-lto-objects -Og -c Generated_Source\PSoC6\pdl\drivers\peripheral\lvd\cy_lvd.c -o .\CortexM4\ARM_GCC_541\Debug\cy_lvd.o
arm-none-eabi-gcc.exe -mcpu=cortex-m4 -mfloat-abi=softfp -mfpu=fpv4-sp-d16 -mthumb -I..\aos-v1.2.0\include -I..\aos-v1.2.0\kernel\rhino\core\include -I..\aos-v1.2.0\board\cy8ckit-062 -I..\aos-v1.2.0\platform\arch\arm\armv7m\gcc\m4 -I..\aos-v1.2.0\platform\mcu\cy8c6347\hal -I..\aos-v1.2.0\kernel\vcall\aos -I. -IGenerated_Source\PSoC6 -IGenerated_Source\PSoC6\pdl\cmsis/include/ -IGenerated_Source\PSoC6\pdl\devices/psoc6/ip/ -IGenerated_Source\PSoC6\pdl\devices/psoc6/psoc63/include/ -IGenerated_Source\PSoC6\pdl\drivers/peripheral/ -IGenerated_Source\PSoC6\pdl\middleware/ -Wa,-alh=.\CortexM4\ARM_GCC_541\Debug/cy_scb_common.lst -g -D DEBUG -D CY_CORE_ID=0 -D CONFIG_NO_TCPIP -D "SYSINFO_KERNEL_VERSION=\"AOS-R-1.2.0\"" -D CY_PSOC_CREATOR_USED=1 -D CY8C6347BZI_BLD53 -Wall -ffunction-sections -ffat-lto-objects -Og -c Generated_Source\PSoC6\pdl\drivers\peripheral\scb\cy_scb_common.c -o .\CortexM4\ARM_GCC_541\Debug\cy_scb_common.o
arm-none-eabi-gcc.exe -mcpu=cortex-m4 -mfloat-abi=softfp -mfpu=fpv4-sp-d16 -mthumb -I..\aos-v1.2.0\include -I..\aos-v1.2.0\kernel\rhino\core\include -I..\aos-v1.2.0\board\cy8ckit-062 -I..\aos-v1.2.0\platform\arch\arm\armv7m\gcc\m4 -I..\aos-v1.2.0\platform\mcu\cy8c6347\hal -I..\aos-v1.2.0\kernel\vcall\aos -I. -IGenerated_Source\PSoC6 -IGenerated_Source\PSoC6\pdl\cmsis/include/ -IGenerated_Source\PSoC6\pdl\devices/psoc6/ip/ -IGenerated_Source\PSoC6\pdl\devices/psoc6/psoc63/include/ -IGenerated_Source\PSoC6\pdl\drivers/peripheral/ -IGenerated_Source\PSoC6\pdl\middleware/ -Wa,-alh=.\CortexM4\ARM_GCC_541\Debug/cy_scb_i2c.lst -g -D DEBUG -D CY_CORE_ID=0 -D CONFIG_NO_TCPIP -D "SYSINFO_KERNEL_VERSION=\"AOS-R-1.2.0\"" -D CY_PSOC_CREATOR_USED=1 -D CY8C6347BZI_BLD53 -Wall -ffunction-sections -ffat-lto-objects -Og -c Generated_Source\PSoC6\pdl\drivers\peripheral\scb\cy_scb_i2c.c -o .\CortexM4\ARM_GCC_541\Debug\cy_scb_i2c.o
arm-none-eabi-gcc.exe -mcpu=cortex-m4 -mfloat-abi=softfp -mfpu=fpv4-sp-d16 -mthumb -I..\aos-v1.2.0\include -I..\aos-v1.2.0\kernel\rhino\core\include -I..\aos-v1.2.0\board\cy8ckit-062 -I..\aos-v1.2.0\platform\arch\arm\armv7m\gcc\m4 -I..\aos-v1.2.0\platform\mcu\cy8c6347\hal -I..\aos-v1.2.0\kernel\vcall\aos -I. -IGenerated_Source\PSoC6 -IGenerated_Source\PSoC6\pdl\cmsis/include/ -IGenerated_Source\PSoC6\pdl\devices/psoc6/ip/ -IGenerated_Source\PSoC6\pdl\devices/psoc6/psoc63/include/ -IGenerated_Source\PSoC6\pdl\drivers/peripheral/ -IGenerated_Source\PSoC6\pdl\middleware/ -Wa,-alh=.\CortexM4\ARM_GCC_541\Debug/cy_scb_ezi2c.lst -g -D DEBUG -D CY_CORE_ID=0 -D CONFIG_NO_TCPIP -D "SYSINFO_KERNEL_VERSION=\"AOS-R-1.2.0\"" -D CY_PSOC_CREATOR_USED=1 -D CY8C6347BZI_BLD53 -Wall -ffunction-sections -ffat-lto-objects -Og -c Generated_Source\PSoC6\pdl\drivers\peripheral\scb\cy_scb_ezi2c.c -o .\CortexM4\ARM_GCC_541\Debug\cy_scb_ezi2c.o
arm-none-eabi-gcc.exe -mcpu=cortex-m4 -mfloat-abi=softfp -mfpu=fpv4-sp-d16 -mthumb -I..\aos-v1.2.0\include -I..\aos-v1.2.0\kernel\rhino\core\include -I..\aos-v1.2.0\board\cy8ckit-062 -I..\aos-v1.2.0\platform\arch\arm\armv7m\gcc\m4 -I..\aos-v1.2.0\platform\mcu\cy8c6347\hal -I..\aos-v1.2.0\kernel\vcall\aos -I. -IGenerated_Source\PSoC6 -IGenerated_Source\PSoC6\pdl\cmsis/include/ -IGenerated_Source\PSoC6\pdl\devices/psoc6/ip/ -IGenerated_Source\PSoC6\pdl\devices/psoc6/psoc63/include/ -IGenerated_Source\PSoC6\pdl\drivers/peripheral/ -IGenerated_Source\PSoC6\pdl\middleware/ -Wa,-alh=.\CortexM4\ARM_GCC_541\Debug/cy_scb_spi.lst -g -D DEBUG -D CY_CORE_ID=0 -D CONFIG_NO_TCPIP -D "SYSINFO_KERNEL_VERSION=\"AOS-R-1.2.0\"" -D CY_PSOC_CREATOR_USED=1 -D CY8C6347BZI_BLD53 -Wall -ffunction-sections -ffat-lto-objects -Og -c Generated_Source\PSoC6\pdl\drivers\peripheral\scb\cy_scb_spi.c -o .\CortexM4\ARM_GCC_541\Debug\cy_scb_spi.o
arm-none-eabi-gcc.exe -mcpu=cortex-m4 -mfloat-abi=softfp -mfpu=fpv4-sp-d16 -mthumb -I..\aos-v1.2.0\include -I..\aos-v1.2.0\kernel\rhino\core\include -I..\aos-v1.2.0\board\cy8ckit-062 -I..\aos-v1.2.0\platform\arch\arm\armv7m\gcc\m4 -I..\aos-v1.2.0\platform\mcu\cy8c6347\hal -I..\aos-v1.2.0\kernel\vcall\aos -I. -IGenerated_Source\PSoC6 -IGenerated_Source\PSoC6\pdl\cmsis/include/ -IGenerated_Source\PSoC6\pdl\devices/psoc6/ip/ -IGenerated_Source\PSoC6\pdl\devices/psoc6/psoc63/include/ -IGenerated_Source\PSoC6\pdl\drivers/peripheral/ -IGenerated_Source\PSoC6\pdl\middleware/ -Wa,-alh=.\CortexM4\ARM_GCC_541\Debug/cy_scb_uart.lst -g -D DEBUG -D CY_CORE_ID=0 -D CONFIG_NO_TCPIP -D "SYSINFO_KERNEL_VERSION=\"AOS-R-1.2.0\"" -D CY_PSOC_CREATOR_USED=1 -D CY8C6347BZI_BLD53 -Wall -ffunction-sections -ffat-lto-objects -Og -c Generated_Source\PSoC6\pdl\drivers\peripheral\scb\cy_scb_uart.c -o .\CortexM4\ARM_GCC_541\Debug\cy_scb_uart.o
arm-none-eabi-gcc.exe -mcpu=cortex-m4 -mfloat-abi=softfp -mfpu=fpv4-sp-d16 -mthumb -I..\aos-v1.2.0\include -I..\aos-v1.2.0\kernel\rhino\core\include -I..\aos-v1.2.0\board\cy8ckit-062 -I..\aos-v1.2.0\platform\arch\arm\armv7m\gcc\m4 -I..\aos-v1.2.0\platform\mcu\cy8c6347\hal -I..\aos-v1.2.0\kernel\vcall\aos -I. -IGenerated_Source\PSoC6 -IGenerated_Source\PSoC6\pdl\cmsis/include/ -IGenerated_Source\PSoC6\pdl\devices/psoc6/ip/ -IGenerated_Source\PSoC6\pdl\devices/psoc6/psoc63/include/ -IGenerated_Source\PSoC6\pdl\drivers/peripheral/ -IGenerated_Source\PSoC6\pdl\middleware/ -Wa,-alh=.\CortexM4\ARM_GCC_541\Debug/cy_ble_clk.lst -g -D DEBUG -D CY_CORE_ID=0 -D CONFIG_NO_TCPIP -D "SYSINFO_KERNEL_VERSION=\"AOS-R-1.2.0\"" -D CY_PSOC_CREATOR_USED=1 -D CY8C6347BZI_BLD53 -Wall -ffunction-sections -ffat-lto-objects -Og -c Generated_Source\PSoC6\pdl\middleware\ble\cy_ble_clk.c -o .\CortexM4\ARM_GCC_541\Debug\cy_ble_clk.o
arm-none-eabi-gcc.exe -mcpu=cortex-m4 -mfloat-abi=softfp -mfpu=fpv4-sp-d16 -mthumb -I..\aos-v1.2.0\include -I..\aos-v1.2.0\kernel\rhino\core\include -I..\aos-v1.2.0\board\cy8ckit-062 -I..\aos-v1.2.0\platform\arch\arm\armv7m\gcc\m4 -I..\aos-v1.2.0\platform\mcu\cy8c6347\hal -I..\aos-v1.2.0\kernel\vcall\aos -I. -IGenerated_Source\PSoC6 -IGenerated_Source\PSoC6\pdl\cmsis/include/ -IGenerated_Source\PSoC6\pdl\devices/psoc6/ip/ -IGenerated_Source\PSoC6\pdl\devices/psoc6/psoc63/include/ -IGenerated_Source\PSoC6\pdl\drivers/peripheral/ -IGenerated_Source\PSoC6\pdl\middleware/ -Wa,-alh=.\CortexM4\ARM_GCC_541\Debug/UART5.lst -g -D DEBUG -D CY_CORE_ID=0 -D CONFIG_NO_TCPIP -D "SYSINFO_KERNEL_VERSION=\"AOS-R-1.2.0\"" -D CY_PSOC_CREATOR_USED=1 -D CY8C6347BZI_BLD53 -Wall -ffunction-sections -ffat-lto-objects -Og -c Generated_Source\PSoC6\UART5.c -o .\CortexM4\ARM_GCC_541\Debug\UART5.o
arm-none-eabi-gcc.exe -mcpu=cortex-m4 -mfloat-abi=softfp -mfpu=fpv4-sp-d16 -mthumb -I..\aos-v1.2.0\include -I..\aos-v1.2.0\kernel\rhino\core\include -I..\aos-v1.2.0\board\cy8ckit-062 -I..\aos-v1.2.0\platform\arch\arm\armv7m\gcc\m4 -I..\aos-v1.2.0\platform\mcu\cy8c6347\hal -I..\aos-v1.2.0\kernel\vcall\aos -I. -IGenerated_Source\PSoC6 -IGenerated_Source\PSoC6\pdl\cmsis/include/ -IGenerated_Source\PSoC6\pdl\devices/psoc6/ip/ -IGenerated_Source\PSoC6\pdl\devices/psoc6/psoc63/include/ -IGenerated_Source\PSoC6\pdl\drivers/peripheral/ -IGenerated_Source\PSoC6\pdl\middleware/ -Wa,-alh=.\CortexM4\ARM_GCC_541\Debug/UART1.lst -g -D DEBUG -D CY_CORE_ID=0 -D CONFIG_NO_TCPIP -D "SYSINFO_KERNEL_VERSION=\"AOS-R-1.2.0\"" -D CY_PSOC_CREATOR_USED=1 -D CY8C6347BZI_BLD53 -Wall -ffunction-sections -ffat-lto-objects -Og -c Generated_Source\PSoC6\UART1.c -o .\CortexM4\ARM_GCC_541\Debug\UART1.o
arm-none-eabi-as.exe -mcpu=cortex-m4 -mfloat-abi=softfp -mfpu=fpv4-sp-d16 -mthumb -I. -IGenerated_Source\PSoC6 -IGenerated_Source\PSoC6\pdl\cmsis/include/ -IGenerated_Source\PSoC6\pdl\devices/psoc6/ip/ -IGenerated_Source\PSoC6\pdl\devices/psoc6/psoc63/include/ -IGenerated_Source\PSoC6\pdl\drivers/peripheral/ -IGenerated_Source\PSoC6\pdl\middleware/ -alh=.\CortexM4\ARM_GCC_541\Debug/port_s.lst -g -W -o .\CortexM4\ARM_GCC_541\Debug\port_s.o ..\aos-v1.2.0\platform\arch\arm\armv7m\gcc\m4\port_s.S
arm-none-eabi-gcc.exe -Wl,--start-group -o "C:\Users\whao\Documents\PSoC Creator\4.2\alios\rhino.cydsn\CortexM4\ARM_GCC_541\Debug\rhino_link.elf" .\CortexM4\ARM_GCC_541\Debug\k_time.o .\CortexM4\ARM_GCC_541\Debug\k_timer.o .\CortexM4\ARM_GCC_541\Debug\k_workqueue.o .\CortexM4\ARM_GCC_541\Debug\k_buf_queue.o .\CortexM4\ARM_GCC_541\Debug\k_dyn_mem_proc.o .\CortexM4\ARM_GCC_541\Debug\k_err.o .\CortexM4\ARM_GCC_541\Debug\k_event.o .\CortexM4\ARM_GCC_541\Debug\k_idle.o .\CortexM4\ARM_GCC_541\Debug\k_mm.o .\CortexM4\ARM_GCC_541\Debug\k_mm_blk.o .\CortexM4\ARM_GCC_541\Debug\k_mm_debug.o .\CortexM4\ARM_GCC_541\Debug\k_mutex.o .\CortexM4\ARM_GCC_541\Debug\k_obj.o .\CortexM4\ARM_GCC_541\Debug\k_obj_set.o .\CortexM4\ARM_GCC_541\Debug\k_pend.o .\CortexM4\ARM_GCC_541\Debug\k_queue.o .\CortexM4\ARM_GCC_541\Debug\k_ringbuf.o .\CortexM4\ARM_GCC_541\Debug\k_sched.o .\CortexM4\ARM_GCC_541\Debug\k_sem.o .\CortexM4\ARM_GCC_541\Debug\k_stats.o .\CortexM4\ARM_GCC_541\Debug\k_sys.o .\CortexM4\ARM_GCC_541\Debug\k_task.o .\CortexM4\ARM_GCC_541\Debug\k_task_sem.o .\CortexM4\ARM_GCC_541\Debug\k_tick.o .\CortexM4\ARM_GCC_541\Debug\startup_psoc63_cm4.o .\CortexM4\ARM_GCC_541\Debug\port_c.o .\CortexM4\ARM_GCC_541\Debug\trace_impl.o .\CortexM4\ARM_GCC_541\Debug\soc_impl.o .\CortexM4\ARM_GCC_541\Debug\uart_port.o .\CortexM4\ARM_GCC_541\Debug\aos_rhino.o .\CortexM4\ARM_GCC_541\Debug\system_psoc63_cm4.o .\CortexM4\ARM_GCC_541\Debug\rhinorun_p6.o .\CortexM4\ARM_GCC_541\Debug\cy_ipc_config.o .\CortexM4\ARM_GCC_541\Debug\cyfitter_sysint_cfg.o .\CortexM4\ARM_GCC_541\Debug\cymetadata.o .\CortexM4\ARM_GCC_541\Debug\cy_sysint.o .\CortexM4\ARM_GCC_541\Debug\cy_ipc_drv.o .\CortexM4\ARM_GCC_541\Debug\cy_ipc_sema.o .\CortexM4\ARM_GCC_541\Debug\cy_ipc_pipe.o .\CortexM4\ARM_GCC_541\Debug\cy_sysclk.o .\CortexM4\ARM_GCC_541\Debug\cy_wdt.o .\CortexM4\ARM_GCC_541\Debug\cy_efuse.o .\CortexM4\ARM_GCC_541\Debug\cy_flash.o .\CortexM4\ARM_GCC_541\Debug\cy_gpio.o .\CortexM4\ARM_GCC_541\Debug\cy_sysanalog.o .\CortexM4\ARM_GCC_541\Debug\cy_syspm.o .\CortexM4\ARM_GCC_541\Debug\cy_syslib.o .\CortexM4\ARM_GCC_541\Debug\cy_syslib_gcc.o .\CortexM4\ARM_GCC_541\Debug\cy_trigmux.o .\CortexM4\ARM_GCC_541\Debug\cy_systick.o .\CortexM4\ARM_GCC_541\Debug\cy_profile.o .\CortexM4\ARM_GCC_541\Debug\cy_prot.o .\CortexM4\ARM_GCC_541\Debug\cy_lvd.o .\CortexM4\ARM_GCC_541\Debug\cy_scb_common.o .\CortexM4\ARM_GCC_541\Debug\cy_scb_i2c.o .\CortexM4\ARM_GCC_541\Debug\cy_scb_ezi2c.o .\CortexM4\ARM_GCC_541\Debug\cy_scb_spi.o .\CortexM4\ARM_GCC_541\Debug\cy_scb_uart.o .\CortexM4\ARM_GCC_541\Debug\cy_ble_clk.o .\CortexM4\ARM_GCC_541\Debug\UART5.o .\CortexM4\ARM_GCC_541\Debug\UART1.o .\CortexM4\ARM_GCC_541\Debug\port_s.o -mcpu=cortex-m4 -mfloat-abi=softfp -mfpu=fpv4-sp-d16 -mthumb -L Generated_Source\PSoC6 -Wl,-Map,.\CortexM4\ARM_GCC_541\Debug/rhino.map -T cy8c6xx7_cm4_dual.ld -specs=nano.specs -Wl,--gc-sections -g -ffunction-sections -Og -ffat-lto-objects -Wl,--end-group
"C:\Program Files (x86)\Cypress\PDL\3.0.1\tools\win\elf\cymcuelftool.exe" --sign "C:\Users\whao\Documents\PSoC Creator\4.2\alios\rhino.cydsn\CortexM4\ARM_GCC_541\Debug\rhino_link.elf" --output "C:\Users\whao\Documents\PSoC Creator\4.2\alios\rhino.cydsn\CortexM4\ARM_GCC_541\Debug\rhino_signed.elf" --hex "C:\Users\whao\Documents\PSoC Creator\4.2\alios\rhino.cydsn\CortexM4\ARM_GCC_541\Debug\rhino_signed.hex"
No ELF section .cychecksum found, creating one
Application checksum calculated and stored in ELF section .cychecksum
Checksum calculated and stored in ELF section .cymeta
"C:\Program Files (x86)\Cypress\PDL\3.0.1\tools\win\elf\cymcuelftool.exe" --merge "C:\Users\whao\Documents\PSoC Creator\4.2\alios\rhino.cydsn\CortexM4\ARM_GCC_541\Debug\rhino_signed.elf" "C:\Users\whao\Documents\PSoC Creator\4.2\alios\rhino.cydsn\CortexM0p\ARM_GCC_541\Debug\rhino.elf" --output "C:\Users\whao\Documents\PSoC Creator\4.2\alios\rhino.cydsn\CortexM4\ARM_GCC_541\Debug\rhino.elf" --hex "C:\Users\whao\Documents\PSoC Creator\4.2\alios\rhino.cydsn\CortexM4\ARM_GCC_541\Debug\rhino.hex"
Application checksum calculated and stored in ELF section .cychecksum
Checksum calculated and stored in ELF section .cymeta
"C:\Program Files (x86)\Cypress\PDL\3.0.1\tools\win\elf\cymcuelftool.exe" -A "C:\Users\whao\Documents\PSoC Creator\4.2\alios\rhino.cydsn\CortexM4\ARM_GCC_541\Debug\rhino.elf"
code:32612	sram:19456
--------------- Rebuild Succeeded: 02/21/2018 21:30:53 ---------------
